#
# A fatal error has been detected by the Java Runtime Environment:
#
#  SIGSEGV (0xb) at pc=0x00007ac698766561, pid=35545, tid=35574
#
# JRE version: OpenJDK Runtime Environment (17.0.13+11) (build 17.0.13+11-Ubuntu-2ubuntu122.04)
# Java VM: OpenJDK 64-Bit Server VM (17.0.13+11-Ubuntu-2ubuntu122.04, mixed mode, sharing, tiered, compressed oops, compressed class ptrs, g1 gc, linux-amd64)
# Problematic frame:
# V  [libjvm.so+0x766561]  G1ParScanThreadState::trim_queue_to_threshold(unsigned int)+0x1531
#
# Core dump will be written. Default location: Core dumps may be processed with "/usr/share/apport/apport -p%p -s%s -c%c -d%d -P%P -u%u -g%g -- %E" (or dumping to /home/enzo/Documents/keycloack/core.35545)
#
# If you would like to submit a bug report, please visit:
#   https://bugs.launchpad.net/ubuntu/+source/openjdk-17
#

---------------  S U M M A R Y ------------

Command Line: -javaagent:/opt/idea-IC-243.22562.218/lib/idea_rt.jar=41561:/opt/idea-IC-243.22562.218/bin -Dfile.encoding=UTF-8 com.example.keycloack.KeycloackApplication

Host: Intel(R) Core(TM) i5-10210U CPU @ 1.60GHz, 8 cores, 15G, Ubuntu 22.04.5 LTS
Time: Tue Jan  7 11:53:55 2025 -03 elapsed time: 1.210008 seconds (0d 0h 0m 1s)

---------------  T H R E A D  ---------------

Current thread (0x00007ac6080072f0):  GCTaskThread "GC Thread#3" [stack: 0x00007ac6704fd000,0x00007ac6705fd000] [id=35574]

Stack: [0x00007ac6704fd000,0x00007ac6705fd000],  sp=0x00007ac6705fb960,  free space=1018k
Native frames: (J=compiled Java code, j=interpreted, Vv=VM code, C=native code)
V  [libjvm.so+0x766561]  G1ParScanThreadState::trim_queue_to_threshold(unsigned int)+0x1531
V  [libjvm.so+0x782b88]  G1ScanHRForRegionClosure::scan_heap_roots(HeapRegion*)+0x5a8
V  [libjvm.so+0x77a1ac]  G1RemSet::scan_heap_roots(G1ParScanThreadState*, unsigned int, G1GCPhaseTimes::GCParPhases, G1GCPhaseTimes::GCParPhases, bool)+0x1bc
V  [libjvm.so+0x71fbbf]  G1EvacuateRegionsTask::scan_roots(G1ParScanThreadState*, unsigned int)+0x4f
V  [libjvm.so+0x72047d]  G1EvacuateRegionsBaseTask::work(unsigned int)+0x8d
V  [libjvm.so+0xfdb8e7]  GangWorker::loop()+0x77
V  [libjvm.so+0xfdb943]
V  [libjvm.so+0xf2126d]  Thread::call_run()+0xbd
V  [libjvm.so+0xc98bfb]  thread_native_entry(Thread*)+0xeb


siginfo: si_signo: 11 (SIGSEGV), si_code: 1 (SEGV_MAPERR), si_addr: 0x0000000000000100

Registers:
RAX=0x00000007189c4a78, RBX=0x00007ac5a8001740, RCX=0x0000000000000015, RDX=0x0000000000000000
RSP=0x00007ac6705fb960, RBP=0x00007ac6705fba10, RSI=0x0000000000000003, RDI=0x0000000000000000
R8 =0x0000000000000001, R9 =0x0000000000000000, R10=0x00007ac69936b330, R11=0x0000000000000000
R12=0x00000007189c4a79, R13=0x00007ac6993b238d, R14=0x0000000000000100, R15=0x0000000000000000
RIP=0x00007ac698766561, EFLAGS=0x0000000000010246, CSGSFS=0x002b000000000033, ERR=0x0000000000000004
  TRAPNO=0x000000000000000e


Register to memory mapping:

RAX=0x00000007189c4a78 points into unknown readable memory: 0x0000000000000020 | 20 00 00 00 00 00 00 00
RBX=0x00007ac5a8001740 points into unknown readable memory: 0x00007ac6992bbfa0 | a0 bf 2b 99 c6 7a 00 00
RCX=0x0000000000000015 is an unknown value
RDX=0x0 is NULL
RSP=0x00007ac6705fb960 points into unknown readable memory: 0x0000000000002ad9 | d9 2a 00 00 00 00 00 00
RBP=0x00007ac6705fba10 points into unknown readable memory: 0x00007ac6705fbb70 | 70 bb 5f 70 c6 7a 00 00
RSI=0x0000000000000003 is an unknown value
RDI=0x0 is NULL
R8 =0x0000000000000001 is an unknown value
R9 =0x0 is NULL
R10=0x00007ac69936b330: <offset 0x000000000136b330> in /usr/lib/jvm/java-17-openjdk-amd64/lib/server/libjvm.so at 0x00007ac698000000
R11=0x0 is NULL
R12=0x00000007189c4a79 points into unknown readable memory: 00 00 00 00 00 00 00
R13=0x00007ac6993b238d: <offset 0x00000000013b238d> in /usr/lib/jvm/java-17-openjdk-amd64/lib/server/libjvm.so at 0x00007ac698000000
R14=0x0000000000000100 is an unknown value
R15=0x0 is NULL


Top of Stack: (sp=0x00007ac6705fb960)
0x00007ac6705fb960:   0000000000002ad9 000000001af1d807
0x00007ac6705fb970:   00007ac69936b330 00007ac69936b300
0x00007ac6705fb980:   0000000700000000 00007ac69013cd80
0x00007ac6705fb990:   00007ac600000003 00007ac613006848
0x00007ac6705fb9a0:   0000000000000003 000000070b68ee70
0x00007ac6705fb9b0:   00000040ffd27fa8 00000007189c4a78
0x00007ac6705fb9c0:   0000000000002ad9 0000000000000001
0x00007ac6705fb9d0:   0000000000000001 e43f203d71029500
0x00007ac6705fb9e0:   00007ac6705fb9f0 00007ac6969a3941
0x00007ac6705fb9f0:   00007ac6969a3940 0000000000000040
0x00007ac6705fba00:   00007ac6705fbbe0 00007ac5a8001740
0x00007ac6705fba10:   00007ac6705fbb70 00007ac698782b88
0x00007ac6705fba20:   00007ac5e4098cc0 00007ac5e4098cd0
0x00007ac6705fba30:   00007ac5e4098cc0 00007ac5e4098cd0
0x00007ac6705fba40:   00000000000003d8 00007ac5e40990a8
0x00007ac6705fba50:   00007ac6080075b0 0000000000001e8c
0x00007ac6705fba60:   00000000000007a3 00007ac6705fbbe0
0x00007ac6705fba70:   00007ac6969a3941 00007ac6969a3940
0x00007ac6705fba80:   0100000000002ad9 0000000000000040
0x00007ac6705fba90:   00000007ffd27fa8 0000000000000ff9
0x00007ac6705fbaa0:   00000007ffd28030 00000000007a3900
0x00007ac6705fbab0:   00007ac6705fbaf0 00000000970fd7cc
0x00007ac6705fbac0:   0000000047cd3cda 0000000097115a0c
0x00007ac6705fbad0:   00007ac69005e0f0 0000000000003d18
0x00007ac6705fbae0:   00007ac6969a3900 0000000000000040
0x00007ac6705fbaf0:   00007ac6992bc0b8 0000000000000000
0x00007ac6705fbb00:   00007ac69002cfa0 00007ac5a8001740
0x00007ac6705fbb10:   0000000000000000 0000000000000000
0x00007ac6705fbb20:   00007ac5a8000000 00007ac6705fbbb0
0x00007ac6705fbb30:   00007ac6705fbb70 e43f203d71029500
0x00007ac6705fbb40:   00007ac6705fbc38 0000000000000001
0x00007ac6705fbb50:   00007ac6705fbbb0 00007ac69002cfa0 

Instructions: (pc=0x00007ac698766561)
0x00007ac698766461:   8a a0 05 00 00 48 8d 0c 71 0f b6 79 01 44 0f b6
0x00007ac698766471:   39 40 84 ff 78 91 42 0f 18 0c 30 ba 10 00 00 00
0x00007ac698766481:   0f 18 0c 10 48 8b 83 98 01 00 00 49 8d 4c 24 01
0x00007ac698766491:   4c 8b 78 10 41 8b 87 80 00 00 00 41 8b b7 00 01
0x00007ac6987664a1:   00 00 89 c2 29 f2 81 e2 ff ff 01 00 81 fa fd ff
0x00007ac6987664b1:   01 00 0f 86 21 0b 00 00 49 8b 87 a0 02 00 00 49
0x00007ac6987664c1:   3b 87 88 02 00 00 0f 84 80 15 00 00 48 8d 34 c5
0x00007ac6987664d1:   00 00 00 00 48 83 c0 01 49 8b 97 b8 02 00 00 48
0x00007ac6987664e1:   89 0c 32 49 89 87 a0 02 00 00 e9 37 ff ff ff 49
0x00007ac6987664f1:   8d be 80 02 00 00 e8 14 ae fb ff b8 01 00 00 00
0x00007ac698766501:   31 d2 e9 f8 fd ff ff 0f 1f 84 00 00 00 00 00 4c
0x00007ac698766511:   8d 15 19 4e c0 00 45 8b 74 24 ff 48 8b 43 08 41
0x00007ac698766521:   8b 72 08 49 8b 12 89 f1 49 d3 e6 8b 88 b0 05 00
0x00007ac698766531:   00 48 8b 80 a0 05 00 00 49 01 d6 4c 89 f7 48 d3
0x00007ac698766541:   ef 48 8d 04 78 44 0f b6 58 01 44 0f b6 38 45 84
0x00007ac698766551:   db 0f 88 48 f5 ff ff 49 8d 44 24 ff 48 89 45 a8
0x00007ac698766561:   49 8b 06 48 89 c1 83 e1 03 48 83 f9 03 0f 85 49
0x00007ac698766571:   06 00 00 48 8d 0d 9d bc c4 00 80 39 00 0f 85 0c
0x00007ac698766581:   0b 00 00 48 83 e0 fc 4c 8b 7d a8 4c 8d 35 a9 d1
0x00007ac698766591:   c4 00 48 89 45 98 49 31 c7 48 8b 7d 98 89 f1 48
0x00007ac6987665a1:   89 f8 48 29 d0 48 d3 e8 41 89 44 24 ff 41 8b 0e
0x00007ac6987665b1:   49 d3 ef 4d 85 ff 0f 84 e3 f4 ff ff 48 8b 53 08
0x00007ac6987665c1:   48 8b 75 a8 8b 8a c0 01 00 00 48 89 f0 48 d3 e8
0x00007ac6987665d1:   48 89 c1 48 8b 82 b0 01 00 00 48 8b 04 c8 8b 80
0x00007ac6987665e1:   bc 00 00 00 a8 02 0f 85 b3 f4 ff ff 8b 8a b0 05
0x00007ac6987665f1:   00 00 48 89 f8 48 8b 92 a0 05 00 00 48 d3 e8 80
0x00007ac698766601:   3c 42 00 0f 84 96 f4 ff ff 48 8b 43 60 e9 60 f4
0x00007ac698766611:   ff ff 0f 1f 44 00 00 49 8d bf 80 02 00 00 48 89
0x00007ac698766621:   4d a8 e8 e8 ac fb ff 48 8b 4d a8 b8 01 00 00 00
0x00007ac698766631:   31 d2 e9 86 ef ff ff 0f 1f 84 00 00 00 00 00 0f
0x00007ac698766641:   84 84 03 00 00 3c 01 48 8d 05 dd 56 c0 00 48 19
0x00007ac698766651:   c9 8b 00 83 e1 04 4d 63 54 0c 0c 44 89 e9 41 c1 


Stack slot to memory mapping:
stack at sp + 0 slots: 0x0000000000002ad9 is an unknown value
stack at sp + 1 slots: 0x000000001af1d807 is an unknown value
stack at sp + 2 slots: 0x00007ac69936b330: <offset 0x000000000136b330> in /usr/lib/jvm/java-17-openjdk-amd64/lib/server/libjvm.so at 0x00007ac698000000
stack at sp + 3 slots: 0x00007ac69936b300: <offset 0x000000000136b300> in /usr/lib/jvm/java-17-openjdk-amd64/lib/server/libjvm.so at 0x00007ac698000000
stack at sp + 4 slots: 0x0000000700000000 is an unknown value
stack at sp + 5 slots: 0x00007ac69013cd80 points into unknown readable memory: 0x0000000719800000 | 00 00 80 19 07 00 00 00
stack at sp + 6 slots: 0x00007ac600000003 points into unknown readable memory: 00 c6 7a 00 00
stack at sp + 7 slots: 0x00007ac613006848 is a pointer to class: 


---------------  P R O C E S S  ---------------

Threads class SMR info:
_java_thread_list=0x00007ac690730100, length=14, elements={
0x00007ac69001afb0, 0x00007ac69017a0b0, 0x00007ac69017b4a0, 0x00007ac690181d10,
0x00007ac6901830d0, 0x00007ac6901844f0, 0x00007ac690185eb0, 0x00007ac6901873f0,
0x00007ac690188870, 0x00007ac690193cb0, 0x00007ac5dc1317f0, 0x00007ac690287fe0,
0x00007ac690288d60, 0x00007ac69072f3d0
}

Java Threads: ( => current thread )
  0x00007ac69001afb0 JavaThread "main" [_thread_blocked, id=35546, stack(0x00007ac697f00000,0x00007ac698000000)]
  0x00007ac69017a0b0 JavaThread "Reference Handler" daemon [_thread_blocked, id=35556, stack(0x00007ac6949a0000,0x00007ac694aa0000)]
  0x00007ac69017b4a0 JavaThread "Finalizer" daemon [_thread_blocked, id=35557, stack(0x00007ac6948a0000,0x00007ac6949a0000)]
  0x00007ac690181d10 JavaThread "Signal Dispatcher" daemon [_thread_blocked, id=35558, stack(0x00007ac6947a0000,0x00007ac6948a0000)]
  0x00007ac6901830d0 JavaThread "Service Thread" daemon [_thread_blocked, id=35559, stack(0x00007ac6946a0000,0x00007ac6947a0000)]
  0x00007ac6901844f0 JavaThread "Monitor Deflation Thread" daemon [_thread_blocked, id=35560, stack(0x00007ac6945a0000,0x00007ac6946a0000)]
  0x00007ac690185eb0 JavaThread "C2 CompilerThread0" daemon [_thread_blocked, id=35561, stack(0x00007ac6944a0000,0x00007ac6945a0000)]
  0x00007ac6901873f0 JavaThread "C1 CompilerThread0" daemon [_thread_blocked, id=35562, stack(0x00007ac6943a0000,0x00007ac6944a0000)]
  0x00007ac690188870 JavaThread "Sweeper thread" daemon [_thread_blocked, id=35563, stack(0x00007ac6942a0000,0x00007ac6943a0000)]
  0x00007ac690193cb0 JavaThread "Common-Cleaner" daemon [_thread_blocked, id=35564, stack(0x00007ac6941a0000,0x00007ac6942a0000)]
  0x00007ac5dc1317f0 JavaThread "C2 CompilerThread1" daemon [_thread_in_native, id=35566, stack(0x00007ac6940a0000,0x00007ac6941a0000)]
  0x00007ac690287fe0 JavaThread "Monitor Ctrl-Break" daemon [_thread_in_native, id=35567, stack(0x00007ac68ff00000,0x00007ac690000000)]
  0x00007ac690288d60 JavaThread "Notification Thread" daemon [_thread_blocked, id=35568, stack(0x00007ac670900000,0x00007ac670a00000)]
  0x00007ac69072f3d0 JavaThread "background-preinit" [_thread_blocked, id=35581, stack(0x00007ac670118000,0x00007ac670218000)]

Other Threads:
  0x00007ac690175ff0 VMThread "VM Thread" [stack: 0x00007ac694aa1000,0x00007ac694ba1000] [id=35555]
  0x00007ac69001d790 WatcherThread [stack: 0x00007ac670800000,0x00007ac670900000] [id=35569]
  0x00007ac6900847c0 GCTaskThread "GC Thread#0" [stack: 0x00007ac695900000,0x00007ac695a00000] [id=35548]
  0x00007ac608005f10 GCTaskThread "GC Thread#1" [stack: 0x00007ac6706ff000,0x00007ac6707ff000] [id=35572]
  0x00007ac6080068e0 GCTaskThread "GC Thread#2" [stack: 0x00007ac6705fe000,0x00007ac6706fe000] [id=35573]
=>0x00007ac6080072f0 GCTaskThread "GC Thread#3" [stack: 0x00007ac6704fd000,0x00007ac6705fd000] [id=35574]
  0x00007ac608007d00 GCTaskThread "GC Thread#4" [stack: 0x00007ac6703fc000,0x00007ac6704fc000] [id=35575]
  0x00007ac608008710 GCTaskThread "GC Thread#5" [stack: 0x00007ac6702fb000,0x00007ac6703fb000] [id=35576]
  0x00007ac6900951e0 ConcurrentGCThread "G1 Main Marker" [stack: 0x00007ac6957ff000,0x00007ac6958ff000] [id=35549]
  0x00007ac690096150 ConcurrentGCThread "G1 Conc#0" [stack: 0x00007ac6956fe000,0x00007ac6957fe000] [id=35550]
  0x00007ac690148850 ConcurrentGCThread "G1 Refine#0" [stack: 0x00007ac694df5000,0x00007ac694ef5000] [id=35551]
  0x00007ac690149750 ConcurrentGCThread "G1 Service" [stack: 0x00007ac694cf4000,0x00007ac694df4000] [id=35552]

Threads with active compile tasks:
C2 CompilerThread0     1215 1797       4       java.lang.String::indexOf (113 bytes)
C2 CompilerThread1     1215 1606       4       jdk.internal.org.objectweb.asm.Frame::execute (2305 bytes)

VM state: at safepoint (normal execution)

VM Mutex/Monitor currently owned by a thread:  ([mutex/lock_event])
[0x00007ac690017d40] Threads_lock - owner thread: 0x00007ac690175ff0
[0x00007ac6900184f0] Heap_lock - owner thread: 0x00007ac69072f3d0

Heap address: 0x000000070b600000, size: 3914 MB, Compressed Oops mode: Zero based, Oop shift amount: 3

CDS archive(s) mapped at: [0x00007ac613000000-0x00007ac613bc9000-0x00007ac613bc9000), size 12357632, SharedBaseAddress: 0x00007ac613000000, ArchiveRelocationMode: 1.
Compressed class space mapped at: 0x00007ac614000000-0x00007ac654000000, reserved size: 1073741824
Narrow klass base: 0x00007ac613000000, Narrow klass shift: 0, Narrow klass range: 0x100000000

GC Precious Log:
 CPUs: 8 total, 8 available
 Memory: 15653M
 Large Page Support: Disabled
 NUMA Support: Disabled
 Compressed Oops: Enabled (Zero based)
 Heap Region Size: 2M
 Heap Min Capacity: 8M
 Heap Initial Capacity: 246M
 Heap Max Capacity: 3914M
 Pre-touch: Disabled
 Parallel Workers: 8
 Concurrent Workers: 2
 Concurrent Refinement Workers: 8
 Periodic GC: Disabled

Heap:
 garbage-first heap   total 256000K, used 37280K [0x000000070b600000, 0x0000000800000000)
  region size 2048K, 17 young (34816K), 2 survivors (4096K)
 Metaspace       used 14651K, committed 14912K, reserved 1114112K
  class space    used 1819K, committed 1920K, reserved 1048576K

Heap Regions: E=young(eden), S=young(survivor), O=old, HS=humongous(starts), HC=humongous(continues), CS=collection set, F=free, OA=open archive, CA=closed archive, TAMS=top-at-mark-start (previous, next)
|   0|0x000000070b600000, 0x000000070b800000, 0x000000070b800000|100%| O|  |TAMS 0x000000070b600000, 0x000000070b600000| Untracked 
|   1|0x000000070b800000, 0x000000070ba00000, 0x000000070ba00000|100%| O|  |TAMS 0x000000070b800000, 0x000000070b800000| Untracked 
|   2|0x000000070ba00000, 0x000000070ba48510, 0x000000070bc00000| 14%| O|  |TAMS 0x000000070ba00000, 0x000000070ba00000| Untracked 
|   3|0x000000070bc00000, 0x000000070bc00000, 0x000000070be00000|  0%| F|  |TAMS 0x000000070bc00000, 0x000000070bc00000| Untracked 
|   4|0x000000070be00000, 0x000000070be00000, 0x000000070c000000|  0%| F|  |TAMS 0x000000070be00000, 0x000000070be00000| Untracked 
|   5|0x000000070c000000, 0x000000070c000000, 0x000000070c200000|  0%| F|  |TAMS 0x000000070c000000, 0x000000070c000000| Untracked 
|   6|0x000000070c200000, 0x000000070c200000, 0x000000070c400000|  0%| F|  |TAMS 0x000000070c200000, 0x000000070c200000| Untracked 
|   7|0x000000070c400000, 0x000000070c400000, 0x000000070c600000|  0%| F|  |TAMS 0x000000070c400000, 0x000000070c400000| Untracked 
|   8|0x000000070c600000, 0x000000070c600000, 0x000000070c800000|  0%| F|  |TAMS 0x000000070c600000, 0x000000070c600000| Untracked 
|   9|0x000000070c800000, 0x000000070c800000, 0x000000070ca00000|  0%| F|  |TAMS 0x000000070c800000, 0x000000070c800000| Untracked 
|  10|0x000000070ca00000, 0x000000070ca00000, 0x000000070cc00000|  0%| F|  |TAMS 0x000000070ca00000, 0x000000070ca00000| Untracked 
|  11|0x000000070cc00000, 0x000000070cc00000, 0x000000070ce00000|  0%| F|  |TAMS 0x000000070cc00000, 0x000000070cc00000| Untracked 
|  12|0x000000070ce00000, 0x000000070ce00000, 0x000000070d000000|  0%| F|  |TAMS 0x000000070ce00000, 0x000000070ce00000| Untracked 
|  13|0x000000070d000000, 0x000000070d000000, 0x000000070d200000|  0%| F|  |TAMS 0x000000070d000000, 0x000000070d000000| Untracked 
|  14|0x000000070d200000, 0x000000070d200000, 0x000000070d400000|  0%| F|  |TAMS 0x000000070d200000, 0x000000070d200000| Untracked 
|  15|0x000000070d400000, 0x000000070d400000, 0x000000070d600000|  0%| F|  |TAMS 0x000000070d400000, 0x000000070d400000| Untracked 
|  16|0x000000070d600000, 0x000000070d600000, 0x000000070d800000|  0%| F|  |TAMS 0x000000070d600000, 0x000000070d600000| Untracked 
|  17|0x000000070d800000, 0x000000070d800000, 0x000000070da00000|  0%| F|  |TAMS 0x000000070d800000, 0x000000070d800000| Untracked 
|  18|0x000000070da00000, 0x000000070da00000, 0x000000070dc00000|  0%| F|  |TAMS 0x000000070da00000, 0x000000070da00000| Untracked 
|  19|0x000000070dc00000, 0x000000070dc00000, 0x000000070de00000|  0%| F|  |TAMS 0x000000070dc00000, 0x000000070dc00000| Untracked 
|  20|0x000000070de00000, 0x000000070de00000, 0x000000070e000000|  0%| F|  |TAMS 0x000000070de00000, 0x000000070de00000| Untracked 
|  21|0x000000070e000000, 0x000000070e000000, 0x000000070e200000|  0%| F|  |TAMS 0x000000070e000000, 0x000000070e000000| Untracked 
|  22|0x000000070e200000, 0x000000070e200000, 0x000000070e400000|  0%| F|  |TAMS 0x000000070e200000, 0x000000070e200000| Untracked 
|  23|0x000000070e400000, 0x000000070e400000, 0x000000070e600000|  0%| F|  |TAMS 0x000000070e400000, 0x000000070e400000| Untracked 
|  24|0x000000070e600000, 0x000000070e600000, 0x000000070e800000|  0%| F|  |TAMS 0x000000070e600000, 0x000000070e600000| Untracked 
|  25|0x000000070e800000, 0x000000070e800000, 0x000000070ea00000|  0%| F|  |TAMS 0x000000070e800000, 0x000000070e800000| Untracked 
|  26|0x000000070ea00000, 0x000000070ea00000, 0x000000070ec00000|  0%| F|  |TAMS 0x000000070ea00000, 0x000000070ea00000| Untracked 
|  27|0x000000070ec00000, 0x000000070ec00000, 0x000000070ee00000|  0%| F|  |TAMS 0x000000070ec00000, 0x000000070ec00000| Untracked 
|  28|0x000000070ee00000, 0x000000070ee00000, 0x000000070f000000|  0%| F|  |TAMS 0x000000070ee00000, 0x000000070ee00000| Untracked 
|  29|0x000000070f000000, 0x000000070f000000, 0x000000070f200000|  0%| F|  |TAMS 0x000000070f000000, 0x000000070f000000| Untracked 
|  30|0x000000070f200000, 0x000000070f200000, 0x000000070f400000|  0%| F|  |TAMS 0x000000070f200000, 0x000000070f200000| Untracked 
|  31|0x000000070f400000, 0x000000070f400000, 0x000000070f600000|  0%| F|  |TAMS 0x000000070f400000, 0x000000070f400000| Untracked 
|  32|0x000000070f600000, 0x000000070f600000, 0x000000070f800000|  0%| F|  |TAMS 0x000000070f600000, 0x000000070f600000| Untracked 
|  33|0x000000070f800000, 0x000000070f800000, 0x000000070fa00000|  0%| F|  |TAMS 0x000000070f800000, 0x000000070f800000| Untracked 
|  34|0x000000070fa00000, 0x000000070fa00000, 0x000000070fc00000|  0%| F|  |TAMS 0x000000070fa00000, 0x000000070fa00000| Untracked 
|  35|0x000000070fc00000, 0x000000070fc00000, 0x000000070fe00000|  0%| F|  |TAMS 0x000000070fc00000, 0x000000070fc00000| Untracked 
|  36|0x000000070fe00000, 0x000000070fe00000, 0x0000000710000000|  0%| F|  |TAMS 0x000000070fe00000, 0x000000070fe00000| Untracked 
|  37|0x0000000710000000, 0x0000000710000000, 0x0000000710200000|  0%| F|  |TAMS 0x0000000710000000, 0x0000000710000000| Untracked 
|  38|0x0000000710200000, 0x0000000710200000, 0x0000000710400000|  0%| F|  |TAMS 0x0000000710200000, 0x0000000710200000| Untracked 
|  39|0x0000000710400000, 0x0000000710400000, 0x0000000710600000|  0%| F|  |TAMS 0x0000000710400000, 0x0000000710400000| Untracked 
|  40|0x0000000710600000, 0x0000000710600000, 0x0000000710800000|  0%| F|  |TAMS 0x0000000710600000, 0x0000000710600000| Untracked 
|  41|0x0000000710800000, 0x0000000710800000, 0x0000000710a00000|  0%| F|  |TAMS 0x0000000710800000, 0x0000000710800000| Untracked 
|  42|0x0000000710a00000, 0x0000000710a00000, 0x0000000710c00000|  0%| F|  |TAMS 0x0000000710a00000, 0x0000000710a00000| Untracked 
|  43|0x0000000710c00000, 0x0000000710c00000, 0x0000000710e00000|  0%| F|  |TAMS 0x0000000710c00000, 0x0000000710c00000| Untracked 
|  44|0x0000000710e00000, 0x0000000710e00000, 0x0000000711000000|  0%| F|  |TAMS 0x0000000710e00000, 0x0000000710e00000| Untracked 
|  45|0x0000000711000000, 0x0000000711000000, 0x0000000711200000|  0%| F|  |TAMS 0x0000000711000000, 0x0000000711000000| Untracked 
|  46|0x0000000711200000, 0x0000000711200000, 0x0000000711400000|  0%| F|  |TAMS 0x0000000711200000, 0x0000000711200000| Untracked 
|  47|0x0000000711400000, 0x0000000711400000, 0x0000000711600000|  0%| F|  |TAMS 0x0000000711400000, 0x0000000711400000| Untracked 
|  48|0x0000000711600000, 0x0000000711600000, 0x0000000711800000|  0%| F|  |TAMS 0x0000000711600000, 0x0000000711600000| Untracked 
|  49|0x0000000711800000, 0x0000000711800000, 0x0000000711a00000|  0%| F|  |TAMS 0x0000000711800000, 0x0000000711800000| Untracked 
|  50|0x0000000711a00000, 0x0000000711a00000, 0x0000000711c00000|  0%| F|  |TAMS 0x0000000711a00000, 0x0000000711a00000| Untracked 
|  51|0x0000000711c00000, 0x0000000711c00000, 0x0000000711e00000|  0%| F|  |TAMS 0x0000000711c00000, 0x0000000711c00000| Untracked 
|  52|0x0000000711e00000, 0x0000000711e00000, 0x0000000712000000|  0%| F|  |TAMS 0x0000000711e00000, 0x0000000711e00000| Untracked 
|  53|0x0000000712000000, 0x0000000712000000, 0x0000000712200000|  0%| F|  |TAMS 0x0000000712000000, 0x0000000712000000| Untracked 
|  54|0x0000000712200000, 0x0000000712200000, 0x0000000712400000|  0%| F|  |TAMS 0x0000000712200000, 0x0000000712200000| Untracked 
|  55|0x0000000712400000, 0x0000000712400000, 0x0000000712600000|  0%| F|  |TAMS 0x0000000712400000, 0x0000000712400000| Untracked 
|  56|0x0000000712600000, 0x0000000712600000, 0x0000000712800000|  0%| F|  |TAMS 0x0000000712600000, 0x0000000712600000| Untracked 
|  57|0x0000000712800000, 0x0000000712800000, 0x0000000712a00000|  0%| F|  |TAMS 0x0000000712800000, 0x0000000712800000| Untracked 
|  58|0x0000000712a00000, 0x0000000712a00000, 0x0000000712c00000|  0%| F|  |TAMS 0x0000000712a00000, 0x0000000712a00000| Untracked 
|  59|0x0000000712c00000, 0x0000000712c00000, 0x0000000712e00000|  0%| F|  |TAMS 0x0000000712c00000, 0x0000000712c00000| Untracked 
|  60|0x0000000712e00000, 0x0000000712e00000, 0x0000000713000000|  0%| F|  |TAMS 0x0000000712e00000, 0x0000000712e00000| Untracked 
|  61|0x0000000713000000, 0x0000000713000000, 0x0000000713200000|  0%| F|  |TAMS 0x0000000713000000, 0x0000000713000000| Untracked 
|  62|0x0000000713200000, 0x0000000713200000, 0x0000000713400000|  0%| F|  |TAMS 0x0000000713200000, 0x0000000713200000| Untracked 
|  63|0x0000000713400000, 0x0000000713400000, 0x0000000713600000|  0%| F|  |TAMS 0x0000000713400000, 0x0000000713400000| Untracked 
|  64|0x0000000713600000, 0x0000000713600000, 0x0000000713800000|  0%| F|  |TAMS 0x0000000713600000, 0x0000000713600000| Untracked 
|  65|0x0000000713800000, 0x0000000713800000, 0x0000000713a00000|  0%| F|  |TAMS 0x0000000713800000, 0x0000000713800000| Untracked 
|  66|0x0000000713a00000, 0x0000000713a00000, 0x0000000713c00000|  0%| F|  |TAMS 0x0000000713a00000, 0x0000000713a00000| Untracked 
|  67|0x0000000713c00000, 0x0000000713c00000, 0x0000000713e00000|  0%| F|  |TAMS 0x0000000713c00000, 0x0000000713c00000| Untracked 
|  68|0x0000000713e00000, 0x0000000713e00000, 0x0000000714000000|  0%| F|  |TAMS 0x0000000713e00000, 0x0000000713e00000| Untracked 
|  69|0x0000000714000000, 0x0000000714000000, 0x0000000714200000|  0%| F|  |TAMS 0x0000000714000000, 0x0000000714000000| Untracked 
|  70|0x0000000714200000, 0x0000000714200000, 0x0000000714400000|  0%| F|  |TAMS 0x0000000714200000, 0x0000000714200000| Untracked 
|  71|0x0000000714400000, 0x0000000714400000, 0x0000000714600000|  0%| F|  |TAMS 0x0000000714400000, 0x0000000714400000| Untracked 
|  72|0x0000000714600000, 0x0000000714600000, 0x0000000714800000|  0%| F|  |TAMS 0x0000000714600000, 0x0000000714600000| Untracked 
|  73|0x0000000714800000, 0x0000000714800000, 0x0000000714a00000|  0%| F|  |TAMS 0x0000000714800000, 0x0000000714800000| Untracked 
|  74|0x0000000714a00000, 0x0000000714a00000, 0x0000000714c00000|  0%| F|  |TAMS 0x0000000714a00000, 0x0000000714a00000| Untracked 
|  75|0x0000000714c00000, 0x0000000714c00000, 0x0000000714e00000|  0%| F|  |TAMS 0x0000000714c00000, 0x0000000714c00000| Untracked 
|  76|0x0000000714e00000, 0x0000000714e00000, 0x0000000715000000|  0%| F|  |TAMS 0x0000000714e00000, 0x0000000714e00000| Untracked 
|  77|0x0000000715000000, 0x0000000715000000, 0x0000000715200000|  0%| F|  |TAMS 0x0000000715000000, 0x0000000715000000| Untracked 
|  78|0x0000000715200000, 0x0000000715200000, 0x0000000715400000|  0%| F|  |TAMS 0x0000000715200000, 0x0000000715200000| Untracked 
|  79|0x0000000715400000, 0x0000000715400000, 0x0000000715600000|  0%| F|  |TAMS 0x0000000715400000, 0x0000000715400000| Untracked 
|  80|0x0000000715600000, 0x0000000715600000, 0x0000000715800000|  0%| F|  |TAMS 0x0000000715600000, 0x0000000715600000| Untracked 
|  81|0x0000000715800000, 0x0000000715800000, 0x0000000715a00000|  0%| F|  |TAMS 0x0000000715800000, 0x0000000715800000| Untracked 
|  82|0x0000000715a00000, 0x0000000715a00000, 0x0000000715c00000|  0%| F|  |TAMS 0x0000000715a00000, 0x0000000715a00000| Untracked 
|  83|0x0000000715c00000, 0x0000000715c00000, 0x0000000715e00000|  0%| F|  |TAMS 0x0000000715c00000, 0x0000000715c00000| Untracked 
|  84|0x0000000715e00000, 0x0000000715e00000, 0x0000000716000000|  0%| F|  |TAMS 0x0000000715e00000, 0x0000000715e00000| Untracked 
|  85|0x0000000716000000, 0x0000000716000000, 0x0000000716200000|  0%| F|  |TAMS 0x0000000716000000, 0x0000000716000000| Untracked 
|  86|0x0000000716200000, 0x0000000716200000, 0x0000000716400000|  0%| F|  |TAMS 0x0000000716200000, 0x0000000716200000| Untracked 
|  87|0x0000000716400000, 0x0000000716400000, 0x0000000716600000|  0%| F|  |TAMS 0x0000000716400000, 0x0000000716400000| Untracked 
|  88|0x0000000716600000, 0x0000000716600000, 0x0000000716800000|  0%| F|  |TAMS 0x0000000716600000, 0x0000000716600000| Untracked 
|  89|0x0000000716800000, 0x0000000716800000, 0x0000000716a00000|  0%| F|  |TAMS 0x0000000716800000, 0x0000000716800000| Untracked 
|  90|0x0000000716a00000, 0x0000000716a00000, 0x0000000716c00000|  0%| F|  |TAMS 0x0000000716a00000, 0x0000000716a00000| Untracked 
|  91|0x0000000716c00000, 0x0000000716c00000, 0x0000000716e00000|  0%| F|  |TAMS 0x0000000716c00000, 0x0000000716c00000| Untracked 
|  92|0x0000000716e00000, 0x0000000716e00000, 0x0000000717000000|  0%| F|  |TAMS 0x0000000716e00000, 0x0000000716e00000| Untracked 
|  93|0x0000000717000000, 0x0000000717000000, 0x0000000717200000|  0%| F|  |TAMS 0x0000000717000000, 0x0000000717000000| Untracked 
|  94|0x0000000717200000, 0x0000000717200000, 0x0000000717400000|  0%| F|  |TAMS 0x0000000717200000, 0x0000000717200000| Untracked 
|  95|0x0000000717400000, 0x0000000717400000, 0x0000000717600000|  0%| F|  |TAMS 0x0000000717400000, 0x0000000717400000| Untracked 
|  96|0x0000000717600000, 0x0000000717600000, 0x0000000717800000|  0%| F|  |TAMS 0x0000000717600000, 0x0000000717600000| Untracked 
|  97|0x0000000717800000, 0x0000000717800000, 0x0000000717a00000|  0%| F|  |TAMS 0x0000000717800000, 0x0000000717800000| Untracked 
|  98|0x0000000717a00000, 0x0000000717a00000, 0x0000000717c00000|  0%| F|  |TAMS 0x0000000717a00000, 0x0000000717a00000| Untracked 
|  99|0x0000000717c00000, 0x0000000717c00000, 0x0000000717e00000|  0%| F|  |TAMS 0x0000000717c00000, 0x0000000717c00000| Untracked 
| 100|0x0000000717e00000, 0x0000000717e00000, 0x0000000718000000|  0%| F|  |TAMS 0x0000000717e00000, 0x0000000717e00000| Untracked 
| 101|0x0000000718000000, 0x0000000718000000, 0x0000000718200000|  0%| F|  |TAMS 0x0000000718000000, 0x0000000718000000| Untracked 
| 102|0x0000000718200000, 0x0000000718200000, 0x0000000718400000|  0%| F|  |TAMS 0x0000000718200000, 0x0000000718200000| Untracked 
| 103|0x0000000718400000, 0x0000000718400000, 0x0000000718600000|  0%| F|  |TAMS 0x0000000718400000, 0x0000000718400000| Untracked 
| 104|0x0000000718600000, 0x0000000718637818, 0x0000000718800000| 10%| S|  |TAMS 0x0000000718600000, 0x0000000718600000| Complete 
| 105|0x0000000718800000, 0x0000000718a00000, 0x0000000718a00000|100%| S|  |TAMS 0x0000000718800000, 0x0000000718800000| Complete 
| 106|0x0000000718a00000, 0x0000000718c00000, 0x0000000718c00000|100%| E|CS|TAMS 0x0000000718a00000, 0x0000000718a00000| Complete 
| 107|0x0000000718c00000, 0x0000000718e00000, 0x0000000718e00000|100%| E|CS|TAMS 0x0000000718c00000, 0x0000000718c00000| Complete 
| 108|0x0000000718e00000, 0x0000000719000000, 0x0000000719000000|100%| E|CS|TAMS 0x0000000718e00000, 0x0000000718e00000| Complete 
| 109|0x0000000719000000, 0x0000000719200000, 0x0000000719200000|100%| E|CS|TAMS 0x0000000719000000, 0x0000000719000000| Complete 
| 110|0x0000000719200000, 0x0000000719400000, 0x0000000719400000|100%| E|CS|TAMS 0x0000000719200000, 0x0000000719200000| Complete 
| 111|0x0000000719400000, 0x0000000719600000, 0x0000000719600000|100%| E|CS|TAMS 0x0000000719400000, 0x0000000719400000| Complete 
| 112|0x0000000719600000, 0x0000000719800000, 0x0000000719800000|100%| E|CS|TAMS 0x0000000719600000, 0x0000000719600000| Complete 
| 113|0x0000000719800000, 0x0000000719a00000, 0x0000000719a00000|100%| E|CS|TAMS 0x0000000719800000, 0x0000000719800000| Complete 
| 114|0x0000000719a00000, 0x0000000719c00000, 0x0000000719c00000|100%| E|CS|TAMS 0x0000000719a00000, 0x0000000719a00000| Complete 
| 115|0x0000000719c00000, 0x0000000719e00000, 0x0000000719e00000|100%| E|CS|TAMS 0x0000000719c00000, 0x0000000719c00000| Complete 
| 116|0x0000000719e00000, 0x000000071a000000, 0x000000071a000000|100%| E|CS|TAMS 0x0000000719e00000, 0x0000000719e00000| Complete 
| 117|0x000000071a000000, 0x000000071a200000, 0x000000071a200000|100%| E|CS|TAMS 0x000000071a000000, 0x000000071a000000| Complete 
| 118|0x000000071a200000, 0x000000071a400000, 0x000000071a400000|100%| E|CS|TAMS 0x000000071a200000, 0x000000071a200000| Complete 
| 119|0x000000071a400000, 0x000000071a600000, 0x000000071a600000|100%| E|CS|TAMS 0x000000071a400000, 0x000000071a400000| Complete 
| 120|0x000000071a600000, 0x000000071a800000, 0x000000071a800000|100%| E|CS|TAMS 0x000000071a600000, 0x000000071a600000| Complete 
| 121|0x000000071a800000, 0x000000071aa00000, 0x000000071aa00000|100%| E|CS|TAMS 0x000000071a800000, 0x000000071a800000| Complete 
| 122|0x000000071aa00000, 0x000000071ac00000, 0x000000071ac00000|100%| E|CS|TAMS 0x000000071aa00000, 0x000000071aa00000| Complete 
|1955|0x00000007ffc00000, 0x00000007ffd75000, 0x00000007ffe00000| 72%|OA|  |TAMS 0x00000007ffc00000, 0x00000007ffc00000| Untracked 
|1956|0x00000007ffe00000, 0x00000007ffe77000, 0x0000000800000000| 23%|CA|  |TAMS 0x00000007ffe00000, 0x00000007ffe00000| Untracked 

Card table byte_map: [0x00007ac696200000,0x00007ac6969a5000] _byte_map_base: 0x00007ac6929a5000

Marking Bits (Prev, Next): (CMBitMap*) 0x00007ac690085250, (CMBitMap*) 0x00007ac690085290
 Prev Bits: [0x00007ac675600000, 0x00007ac679328000)
 Next Bits: [0x00007ac671800000, 0x00007ac675528000)

Polling page: 0x00007ac699828000

Metaspace:

Usage:
  Non-class:     12,53 MB used.
      Class:      1,78 MB used.
       Both:     14,31 MB used.

Virtual space:
  Non-class space:       64,00 MB reserved,      12,69 MB ( 20%) committed,  1 nodes.
      Class space:        1,00 GB reserved,       1,88 MB ( <1%) committed,  1 nodes.
             Both:        1,06 GB reserved,      14,56 MB (  1%) committed. 

Chunk freelists:
   Non-Class:  3,09 MB
       Class:  14,02 MB
        Both:  17,11 MB

MaxMetaspaceSize: unlimited
CompressedClassSpaceSize: 1,00 GB
Initial GC threshold: 21,00 MB
Current GC threshold: 21,00 MB
CDS: on
MetaspaceReclaimPolicy: balanced
 - commit_granule_bytes: 65536.
 - commit_granule_words: 8192.
 - virtual_space_node_default_size: 8388608.
 - enlarge_chunks_in_place: 1.
 - new_chunks_are_fully_committed: 0.
 - uncommit_free_chunks: 1.
 - use_allocation_guard: 0.
 - handle_deallocations: 1.


Internal statistics:

num_allocs_failed_limit: 0.
num_arena_births: 240.
num_arena_deaths: 0.
num_vsnodes_births: 2.
num_vsnodes_deaths: 0.
num_space_committed: 233.
num_space_uncommitted: 0.
num_chunks_returned_to_freelist: 0.
num_chunks_taken_from_freelist: 702.
num_chunk_merges: 0.
num_chunk_splits: 496.
num_chunks_enlarged: 395.
num_inconsistent_stats: 0.

CodeHeap 'non-profiled nmethods': size=120028Kb used=682Kb max_used=682Kb free=119345Kb
 bounds [0x00007ac680ec9000, 0x00007ac681139000, 0x00007ac688400000]
CodeHeap 'profiled nmethods': size=120028Kb used=3279Kb max_used=3279Kb free=116748Kb
 bounds [0x00007ac679400000, 0x00007ac679740000, 0x00007ac680937000]
CodeHeap 'non-nmethods': size=5704Kb used=1194Kb max_used=1217Kb free=4509Kb
 bounds [0x00007ac680937000, 0x00007ac680ba7000, 0x00007ac680ec9000]
 total_blobs=2288 nmethods=1795 adapters=406
 compilation: enabled
              stopped_count=0, restarted_count=0
 full_count=0

Compilation events (20 events):
Event: 1,181 Thread 0x00007ac6901873f0 1791       3       jdk.internal.loader.AbstractClassLoaderValue::sub (10 bytes)
Event: 1,181 Thread 0x00007ac6901873f0 nmethod 1791 0x00007ac67972fe90 code [0x00007ac679730040, 0x00007ac679730390]
Event: 1,189 Thread 0x00007ac6901873f0 1793       3       java.util.zip.ZipEntry::setExtra0 (493 bytes)
Event: 1,190 Thread 0x00007ac6901873f0 nmethod 1793 0x00007ac679730490 code [0x00007ac679730840, 0x00007ac679732430]
Event: 1,193 Thread 0x00007ac690185eb0 nmethod 1761 0x00007ac680f71c10 code [0x00007ac680f71de0, 0x00007ac680f72ab8]
Event: 1,193 Thread 0x00007ac690185eb0 1787       4       org.springframework.core.annotation.AttributeMethods::size (6 bytes)
Event: 1,194 Thread 0x00007ac690185eb0 nmethod 1787 0x00007ac680f72e10 code [0x00007ac680f72fa0, 0x00007ac680f73038]
Event: 1,194 Thread 0x00007ac690185eb0 1785       4       org.springframework.util.Assert::notNull (14 bytes)
Event: 1,194 Thread 0x00007ac690185eb0 nmethod 1785 0x00007ac680f73110 code [0x00007ac680f73280, 0x00007ac680f732f8]
Event: 1,194 Thread 0x00007ac690185eb0 1792       4       java.util.zip.Inflater::ensureOpen (47 bytes)
Event: 1,194 Thread 0x00007ac690185eb0 nmethod 1792 0x00007ac680f73410 code [0x00007ac680f735a0, 0x00007ac680f73658]
Event: 1,194 Thread 0x00007ac690185eb0 1779       4       java.lang.ref.SoftReference::get (29 bytes)
Event: 1,195 Thread 0x00007ac690185eb0 nmethod 1779 0x00007ac680f73710 code [0x00007ac680f738a0, 0x00007ac680f73998]
Event: 1,200 Thread 0x00007ac6901873f0 1794       3       java.lang.invoke.TypeConvertingMethodAdapter::<init> (8 bytes)
Event: 1,200 Thread 0x00007ac6901873f0 nmethod 1794 0x00007ac679732d90 code [0x00007ac679732f40, 0x00007ac679733080]
Event: 1,200 Thread 0x00007ac6901873f0 1795       3       jdk.internal.org.objectweb.asm.MethodVisitor::visitCode (15 bytes)
Event: 1,200 Thread 0x00007ac6901873f0 nmethod 1795 0x00007ac679733110 code [0x00007ac6797332c0, 0x00007ac6797334c0]
Event: 1,200 Thread 0x00007ac6901873f0 1796       3       jdk.internal.org.objectweb.asm.MethodVisitor::visitMethodInsn (80 bytes)
Event: 1,200 Thread 0x00007ac6901873f0 nmethod 1796 0x00007ac679733590 code [0x00007ac679733780, 0x00007ac679733c40]
Event: 1,201 Thread 0x00007ac690185eb0 1797       4       java.lang.String::indexOf (113 bytes)

GC Heap History (3 events):
Event: 0,751 GC heap before
{Heap before GC invocations=0 (full 0):
 garbage-first heap   total 256000K, used 24496K [0x000000070b600000, 0x0000000800000000)
  region size 2048K, 11 young (22528K), 0 survivors (0K)
 Metaspace       used 6805K, committed 7040K, reserved 1114112K
  class space    used 819K, committed 896K, reserved 1048576K
}
Event: 0,757 GC heap after
{Heap after GC invocations=1 (full 0):
 garbage-first heap   total 256000K, used 6560K [0x000000070b600000, 0x0000000800000000)
  region size 2048K, 2 young (4096K), 2 survivors (4096K)
 Metaspace       used 6805K, committed 7040K, reserved 1114112K
  class space    used 819K, committed 896K, reserved 1048576K
}
Event: 1,203 GC heap before
{Heap before GC invocations=1 (full 0):
 garbage-first heap   total 256000K, used 37280K [0x000000070b600000, 0x0000000800000000)
  region size 2048K, 17 young (34816K), 2 survivors (4096K)
 Metaspace       used 14651K, committed 14912K, reserved 1114112K
  class space    used 1819K, committed 1920K, reserved 1048576K
}

Dll operation events (9 events):
Event: 0,004 Loaded shared library /usr/lib/jvm/java-17-openjdk-amd64/lib/libjava.so
Event: 0,026 Loaded shared library /usr/lib/jvm/java-17-openjdk-amd64/lib/libjsvml.so
Event: 0,082 Loaded shared library /usr/lib/jvm/java-17-openjdk-amd64/lib/libzip.so
Event: 0,083 Loaded shared library /usr/lib/jvm/java-17-openjdk-amd64/lib/libinstrument.so
Event: 0,085 Loaded shared library /usr/lib/jvm/java-17-openjdk-amd64/lib/libnio.so
Event: 0,087 Loaded shared library /usr/lib/jvm/java-17-openjdk-amd64/lib/libzip.so
Event: 0,128 Loaded shared library /usr/lib/jvm/java-17-openjdk-amd64/lib/libnet.so
Event: 0,134 Loaded shared library /usr/lib/jvm/java-17-openjdk-amd64/lib/libextnet.so
Event: 0,173 Loaded shared library /usr/lib/jvm/java-17-openjdk-amd64/lib/libjimage.so

Deoptimization events (20 events):
Event: 1,127 Thread 0x00007ac69001afb0 Uncommon trap: trap_request=0xffffff45 fr.pc=0x00007ac680f2a2ac relative=0x000000000000030c
Event: 1,127 Thread 0x00007ac69001afb0 Uncommon trap: reason=unstable_if action=reinterpret pc=0x00007ac680f2a2ac method=jdk.internal.org.objectweb.asm.SymbolTable.put(Ljdk/internal/org/objectweb/asm/SymbolTable$Entry;)Ljdk/internal/org/objectweb/asm/SymbolTable$Entry; @ 13 c2
Event: 1,127 Thread 0x00007ac69001afb0 DEOPT PACKING pc=0x00007ac680f2a2ac sp=0x00007ac697ffc9c0
Event: 1,127 Thread 0x00007ac69001afb0 DEOPT UNPACKING pc=0x00007ac68098d699 sp=0x00007ac697ffc940 mode 2
Event: 1,155 Thread 0x00007ac69001afb0 Uncommon trap: trap_request=0xffffffc6 fr.pc=0x00007ac680f6a1e8 relative=0x0000000000000ea8
Event: 1,155 Thread 0x00007ac69001afb0 Uncommon trap: reason=bimorphic_or_optimized_type_check action=maybe_recompile pc=0x00007ac680f6a1e8 method=java.util.HashMap.putVal(ILjava/lang/Object;Ljava/lang/Object;ZZ)Ljava/lang/Object; @ 152 c2
Event: 1,155 Thread 0x00007ac69001afb0 DEOPT PACKING pc=0x00007ac680f6a1e8 sp=0x00007ac697ffe040
Event: 1,155 Thread 0x00007ac69001afb0 DEOPT UNPACKING pc=0x00007ac68098d699 sp=0x00007ac697ffdf68 mode 2
Event: 1,155 Thread 0x00007ac69001afb0 Uncommon trap: trap_request=0xffffffc6 fr.pc=0x00007ac680f6a1e8 relative=0x0000000000000ea8
Event: 1,155 Thread 0x00007ac69001afb0 Uncommon trap: reason=bimorphic_or_optimized_type_check action=maybe_recompile pc=0x00007ac680f6a1e8 method=java.util.HashMap.putVal(ILjava/lang/Object;Ljava/lang/Object;ZZ)Ljava/lang/Object; @ 152 c2
Event: 1,155 Thread 0x00007ac69001afb0 DEOPT PACKING pc=0x00007ac680f6a1e8 sp=0x00007ac697ffe040
Event: 1,155 Thread 0x00007ac69001afb0 DEOPT UNPACKING pc=0x00007ac68098d699 sp=0x00007ac697ffdf68 mode 2
Event: 1,155 Thread 0x00007ac69001afb0 Uncommon trap: trap_request=0xffffffc6 fr.pc=0x00007ac680f6a1e8 relative=0x0000000000000ea8
Event: 1,155 Thread 0x00007ac69001afb0 Uncommon trap: reason=bimorphic_or_optimized_type_check action=maybe_recompile pc=0x00007ac680f6a1e8 method=java.util.HashMap.putVal(ILjava/lang/Object;Ljava/lang/Object;ZZ)Ljava/lang/Object; @ 152 c2
Event: 1,155 Thread 0x00007ac69001afb0 DEOPT PACKING pc=0x00007ac680f6a1e8 sp=0x00007ac697ffe040
Event: 1,155 Thread 0x00007ac69001afb0 DEOPT UNPACKING pc=0x00007ac68098d699 sp=0x00007ac697ffdf68 mode 2
Event: 1,181 Thread 0x00007ac69001afb0 Uncommon trap: trap_request=0xffffffc6 fr.pc=0x00007ac680f6a1e8 relative=0x0000000000000ea8
Event: 1,181 Thread 0x00007ac69001afb0 Uncommon trap: reason=bimorphic_or_optimized_type_check action=maybe_recompile pc=0x00007ac680f6a1e8 method=java.util.HashMap.putVal(ILjava/lang/Object;Ljava/lang/Object;ZZ)Ljava/lang/Object; @ 152 c2
Event: 1,181 Thread 0x00007ac69001afb0 DEOPT PACKING pc=0x00007ac680f6a1e8 sp=0x00007ac697ffdfb0
Event: 1,181 Thread 0x00007ac69001afb0 DEOPT UNPACKING pc=0x00007ac68098d699 sp=0x00007ac697ffded8 mode 2

Classes loaded (20 events):
Event: 1,116 Loading class jdk/internal/reflect/ClassFileAssembler
Event: 1,116 Loading class jdk/internal/reflect/ClassFileAssembler done
Event: 1,117 Loading class jdk/internal/reflect/UTF8
Event: 1,117 Loading class jdk/internal/reflect/UTF8 done
Event: 1,118 Loading class jdk/internal/reflect/Label
Event: 1,118 Loading class jdk/internal/reflect/Label done
Event: 1,118 Loading class jdk/internal/reflect/Label$PatchInfo
Event: 1,118 Loading class jdk/internal/reflect/Label$PatchInfo done
Event: 1,118 Loading class jdk/internal/reflect/MethodAccessorGenerator$1
Event: 1,118 Loading class jdk/internal/reflect/MethodAccessorGenerator$1 done
Event: 1,118 Loading class jdk/internal/reflect/ClassDefiner
Event: 1,118 Loading class jdk/internal/reflect/ClassDefiner done
Event: 1,118 Loading class jdk/internal/reflect/ClassDefiner$1
Event: 1,118 Loading class jdk/internal/reflect/ClassDefiner$1 done
Event: 1,118 Loading class jdk/internal/reflect/BootstrapConstructorAccessorImpl
Event: 1,118 Loading class jdk/internal/reflect/BootstrapConstructorAccessorImpl done
Event: 1,122 Loading class java/lang/annotation/Repeatable
Event: 1,122 Loading class java/lang/annotation/Repeatable done
Event: 1,194 Loading class org/xml/sax/InputSource
Event: 1,194 Loading class org/xml/sax/InputSource done

Classes unloaded (0 events):
No events

Classes redefined (0 events):
No events

Internal exceptions (20 events):
Event: 0,725 Thread 0x00007ac69001afb0 Exception <a 'java/lang/NoSuchMethodError'{0x0000000719748200}: 'java.lang.Object java.lang.invoke.DirectMethodHandle$Holder.newInvokeSpecial(java.lang.Object, java.lang.Object, java.lang.Object, java.lang.Object, java.lang.Object, java.lang.Object, int)'> (0x0000000719748200) 
thrown [./src/hotspot/share/interpreter/linkResolver.cpp, line 758]
Event: 0,726 Thread 0x00007ac69001afb0 Exception <a 'java/lang/NoSuchMethodError'{0x000000071974d240}: 'java.lang.Object java.lang.invoke.DirectMethodHandle$Holder.invokeSpecial(java.lang.Object, java.lang.Object, java.lang.Object, java.lang.Object, java.lang.Object, java.lang.Object, java.lang.Object, int)'> (0x000000071974d240) 
thrown [./src/hotspot/share/interpreter/linkResolver.cpp, line 758]
Event: 0,778 Thread 0x00007ac69001afb0 Exception <a 'java/lang/NoSuchMethodError'{0x000000071aa7e5e8}: 'int java.lang.invoke.DirectMethodHandle$Holder.invokeInterface(java.lang.Object, java.lang.Object)'> (0x000000071aa7e5e8) 
thrown [./src/hotspot/share/interpreter/linkResolver.cpp, line 758]
Event: 0,783 Thread 0x00007ac69001afb0 Exception <a 'java/lang/NoSuchMethodError'{0x000000071aaa3ad8}: 'void java.lang.invoke.DirectMethodHandle$Holder.invokeSpecial(java.lang.Object, java.lang.Object, java.lang.Object, java.lang.Object, java.lang.Object)'> (0x000000071aaa3ad8) 
thrown [./src/hotspot/share/interpreter/linkResolver.cpp, line 758]
Event: 0,848 Thread 0x00007ac69001afb0 Exception <a 'java/lang/NoSuchMethodError'{0x000000071a97caa0}: 'void java.lang.invoke.DirectMethodHandle$Holder.invokeSpecial(java.lang.Object, java.lang.Object, java.lang.Object, java.lang.Object, java.lang.Object, java.lang.Object)'> (0x000000071a97caa0) 
thrown [./src/hotspot/share/interpreter/linkResolver.cpp, line 758]
Event: 0,864 Thread 0x00007ac69001afb0 Exception <a 'java/lang/NoSuchMethodError'{0x000000071a6141a8}: 'java.lang.Object java.lang.invoke.DirectMethodHandle$Holder.invokeSpecial(java.lang.Object, java.lang.Object, java.lang.Object, int, java.lang.Object)'> (0x000000071a6141a8) 
thrown [./src/hotspot/share/interpreter/linkResolver.cpp, line 758]
Event: 0,865 Thread 0x00007ac69001afb0 Exception <a 'java/lang/NoSuchMethodError'{0x000000071a61c808}: 'java.lang.Object java.lang.invoke.DirectMethodHandle$Holder.newInvokeSpecial(java.lang.Object, java.lang.Object, java.lang.Object, int, java.lang.Object)'> (0x000000071a61c808) 
thrown [./src/hotspot/share/interpreter/linkResolver.cpp, line 758]
Event: 0,866 Thread 0x00007ac69001afb0 Exception <a 'java/lang/NoSuchMethodError'{0x000000071a6241d8}: 'java.lang.Object java.lang.invoke.Invokers$Holder.linkToTargetMethod(java.lang.Object, java.lang.Object, int, java.lang.Object, java.lang.Object)'> (0x000000071a6241d8) 
thrown [./src/hotspot/share/interpreter/linkResolver.cpp, line 758]
Event: 0,868 Thread 0x00007ac69001afb0 Exception <a 'java/lang/NoSuchMethodError'{0x000000071a632d68}: 'java.lang.Object java.lang.invoke.DirectMethodHandle$Holder.newInvokeSpecial(java.lang.Object, int, java.lang.Object)'> (0x000000071a632d68) 
thrown [./src/hotspot/share/interpreter/linkResolver.cpp, line 758]
Event: 0,868 Thread 0x00007ac69001afb0 Exception <a 'java/lang/NoSuchMethodError'{0x000000071a637ad0}: 'int java.lang.invoke.DirectMethodHandle$Holder.invokeSpecialIFC(java.lang.Object, java.lang.Object, java.lang.Object, java.lang.Object)'> (0x000000071a637ad0) 
thrown [./src/hotspot/share/interpreter/linkResolver.cpp, line 758]
Event: 0,893 Thread 0x00007ac69001afb0 Exception <a 'java/lang/NoSuchMethodError'{0x000000071a710ac0}: 'void java.lang.invoke.DirectMethodHandle$Holder.invokeInterface(java.lang.Object, java.lang.Object, java.lang.Object)'> (0x000000071a710ac0) 
thrown [./src/hotspot/share/interpreter/linkResolver.cpp, line 758]
Event: 0,915 Thread 0x00007ac69001afb0 Exception <a 'java/lang/NoSuchMethodError'{0x000000071a792ba8}: 'void java.lang.invoke.DirectMethodHandle$Holder.invokeStaticInit(java.lang.Object, java.lang.Object, java.lang.Object)'> (0x000000071a792ba8) 
thrown [./src/hotspot/share/interpreter/linkResolver.cpp, line 758]
Event: 0,934 Thread 0x00007ac69001afb0 Exception <a 'java/lang/NoSuchMethodError'{0x000000071a407998}: 'void java.lang.invoke.DirectMethodHandle$Holder.invokeVirtual(java.lang.Object, java.lang.Object, java.lang.Object, java.lang.Object)'> (0x000000071a407998) 
thrown [./src/hotspot/share/interpreter/linkResolver.cpp, line 758]
Event: 0,955 Thread 0x00007ac69001afb0 Exception <a 'java/lang/NoSuchMethodError'{0x000000071a4bf188}: 'java.lang.Object java.lang.invoke.DirectMethodHandle$Holder.invokeSpecial(java.lang.Object, java.lang.Object, long, java.lang.Object, java.lang.Object, java.lang.Object, java.lang.Object, java.lang.Object, java.lang.Object)'> (0x000000071a4bf188) 
thrown [./src/hotspot/share/interpreter/linkResolver.cpp, line 758]
Event: 0,955 Thread 0x00007ac69001afb0 Exception <a 'java/lang/NoSuchMethodError'{0x000000071a4c3a08}: 'java.lang.Object java.lang.invoke.DelegatingMethodHandle$Holder.reinvoke_L(java.lang.Object, long, java.lang.Object, java.lang.Object, java.lang.Object, java.lang.Object, java.lang.Object, java.lang.Object)'> (0x000000071a4c3a08) 
thrown [./src/hotspot/share/interpreter/linkResolver.cpp, line 758]
Event: 0,975 Thread 0x00007ac69001afb0 Exception <a 'java/lang/NoSuchMethodError'{0x000000071a5e86b8}: 'void java.lang.invoke.DirectMethodHandle$Holder.invokeSpecial(java.lang.Object, java.lang.Object, java.lang.Object)'> (0x000000071a5e86b8) 
thrown [./src/hotspot/share/interpreter/linkResolver.cpp, line 758]
Event: 0,981 Thread 0x00007ac69072f3d0 Exception <a 'java/lang/NoClassDefFoundError'{0x000000071a2aaac8}: jakarta/validation/Validation> (0x000000071a2aaac8) 
thrown [./src/hotspot/share/classfile/systemDictionary.cpp, line 245]
Event: 0,986 Thread 0x00007ac69001afb0 Exception <a 'java/lang/NoSuchMethodError'{0x000000071a233598}: 'java.lang.Object java.lang.invoke.DirectMethodHandle$Holder.invokeStatic(java.lang.Object, java.lang.Object, int)'> (0x000000071a233598) 
thrown [./src/hotspot/share/interpreter/linkResolver.cpp, line 758]
Event: 0,988 Thread 0x00007ac69001afb0 Exception <a 'java/lang/NoSuchMethodError'{0x000000071a23ed50}: 'void java.lang.invoke.DelegatingMethodHandle$Holder.delegate(java.lang.Object, java.lang.Object, int, java.lang.Object)'> (0x000000071a23ed50) 
thrown [./src/hotspot/share/interpreter/linkResolver.cpp, line 758]
Event: 1,003 Thread 0x00007ac69001afb0 Exception <a 'java/lang/IncompatibleClassChangeError'{0x000000071a040840}: Found class java.lang.Object, but interface was expected> (0x000000071a040840) 
thrown [./src/hotspot/share/interpreter/linkResolver.cpp, line 826]

VM Operations (20 events):
Event: 0,138 Executing VM operation: HandshakeAllThreads done
Event: 0,177 Executing VM operation: HandshakeAllThreads
Event: 0,177 Executing VM operation: HandshakeAllThreads done
Event: 0,750 Executing VM operation: G1CollectForAllocation
Event: 0,757 Executing VM operation: G1CollectForAllocation done
Event: 0,973 Executing VM operation: HandshakeAllThreads
Event: 0,973 Executing VM operation: HandshakeAllThreads done
Event: 0,973 Executing VM operation: HandshakeAllThreads
Event: 0,973 Executing VM operation: HandshakeAllThreads done
Event: 0,985 Executing VM operation: HandshakeAllThreads
Event: 0,985 Executing VM operation: HandshakeAllThreads done
Event: 0,985 Executing VM operation: ICBufferFull
Event: 0,986 Executing VM operation: ICBufferFull done
Event: 0,994 Executing VM operation: HandshakeAllThreads
Event: 0,994 Executing VM operation: HandshakeAllThreads done
Event: 1,095 Executing VM operation: HandshakeAllThreads
Event: 1,095 Executing VM operation: HandshakeAllThreads done
Event: 1,181 Executing VM operation: HandshakeAllThreads
Event: 1,182 Executing VM operation: HandshakeAllThreads done
Event: 1,202 Executing VM operation: G1CollectForAllocation

Memory protections (14 events):
Event: 0,004 Protecting memory [0x00007ac697f00000,0x00007ac697f04000] with protection modes 0
Event: 0,028 Protecting memory [0x00007ac6949a0000,0x00007ac6949a4000] with protection modes 0
Event: 0,029 Protecting memory [0x00007ac6948a0000,0x00007ac6948a4000] with protection modes 0
Event: 0,031 Protecting memory [0x00007ac6947a0000,0x00007ac6947a4000] with protection modes 0
Event: 0,031 Protecting memory [0x00007ac6946a0000,0x00007ac6946a4000] with protection modes 0
Event: 0,031 Protecting memory [0x00007ac6945a0000,0x00007ac6945a4000] with protection modes 0
Event: 0,032 Protecting memory [0x00007ac6944a0000,0x00007ac6944a4000] with protection modes 0
Event: 0,033 Protecting memory [0x00007ac6943a0000,0x00007ac6943a4000] with protection modes 0
Event: 0,033 Protecting memory [0x00007ac6942a0000,0x00007ac6942a4000] with protection modes 0
Event: 0,055 Protecting memory [0x00007ac6941a0000,0x00007ac6941a4000] with protection modes 0
Event: 0,111 Protecting memory [0x00007ac6940a0000,0x00007ac6940a4000] with protection modes 0
Event: 0,126 Protecting memory [0x00007ac68ff00000,0x00007ac68ff04000] with protection modes 0
Event: 0,127 Protecting memory [0x00007ac670900000,0x00007ac670904000] with protection modes 0
Event: 0,979 Protecting memory [0x00007ac670118000,0x00007ac67011c000] with protection modes 0

Nmethod flushes (0 events):
No events

Events (14 events):
Event: 0,026 Thread 0x00007ac69001afb0 Thread added: 0x00007ac69001afb0
Event: 0,028 Thread 0x00007ac69001afb0 Thread added: 0x00007ac69017a0b0
Event: 0,029 Thread 0x00007ac69001afb0 Thread added: 0x00007ac69017b4a0
Event: 0,031 Thread 0x00007ac69001afb0 Thread added: 0x00007ac690181d10
Event: 0,031 Thread 0x00007ac69001afb0 Thread added: 0x00007ac6901830d0
Event: 0,031 Thread 0x00007ac69001afb0 Thread added: 0x00007ac6901844f0
Event: 0,032 Thread 0x00007ac69001afb0 Thread added: 0x00007ac690185eb0
Event: 0,033 Thread 0x00007ac69001afb0 Thread added: 0x00007ac6901873f0
Event: 0,033 Thread 0x00007ac69001afb0 Thread added: 0x00007ac690188870
Event: 0,055 Thread 0x00007ac69001afb0 Thread added: 0x00007ac690193cb0
Event: 0,111 Thread 0x00007ac6901873f0 Thread added: 0x00007ac5dc1317f0
Event: 0,126 Thread 0x00007ac69001afb0 Thread added: 0x00007ac690287fe0
Event: 0,127 Thread 0x00007ac69001afb0 Thread added: 0x00007ac690288d60
Event: 0,979 Thread 0x00007ac69001afb0 Thread added: 0x00007ac69072f3d0


Dynamic libraries:
70b600000-71ac00000 rw-p 00000000 00:00 0 
71ac00000-7ffc00000 ---p 00000000 00:00 0 
7ffc00000-7ffd00000 rw-p 00000000 00:00 0 
7ffd00000-7ffd75000 rw-p 00c78000 103:02 10124042                        /usr/lib/jvm/java-17-openjdk-amd64/lib/server/classes.jsa
7ffd75000-7ffe00000 rw-p 00000000 00:00 0 
7ffe00000-7ffe77000 rw-p 00c01000 103:02 10124042                        /usr/lib/jvm/java-17-openjdk-amd64/lib/server/classes.jsa
7ffe77000-800000000 rw-p 00000000 00:00 0 
5c882ce76000-5c882ce77000 r--p 00000000 103:02 10123888                  /usr/lib/jvm/java-17-openjdk-amd64/bin/java
5c882ce77000-5c882ce78000 r-xp 00001000 103:02 10123888                  /usr/lib/jvm/java-17-openjdk-amd64/bin/java
5c882ce78000-5c882ce79000 r--p 00002000 103:02 10123888                  /usr/lib/jvm/java-17-openjdk-amd64/bin/java
5c882ce79000-5c882ce7a000 r--p 00002000 103:02 10123888                  /usr/lib/jvm/java-17-openjdk-amd64/bin/java
5c882ce7a000-5c882ce7b000 rw-p 00003000 103:02 10123888                  /usr/lib/jvm/java-17-openjdk-amd64/bin/java
5c8843687000-5c88436cf000 rw-p 00000000 00:00 0                          [heap]
7ac594000000-7ac59417e000 rw-p 00000000 00:00 0 
7ac59417e000-7ac598000000 ---p 00000000 00:00 0 
7ac59c000000-7ac59c021000 rw-p 00000000 00:00 0 
7ac59c021000-7ac5a0000000 ---p 00000000 00:00 0 
7ac5a0000000-7ac5a0021000 rw-p 00000000 00:00 0 
7ac5a0021000-7ac5a4000000 ---p 00000000 00:00 0 
7ac5a8000000-7ac5a8021000 rw-p 00000000 00:00 0 
7ac5a8021000-7ac5ac000000 ---p 00000000 00:00 0 
7ac5ac000000-7ac5ac021000 rw-p 00000000 00:00 0 
7ac5ac021000-7ac5b0000000 ---p 00000000 00:00 0 
7ac5b4000000-7ac5b4021000 rw-p 00000000 00:00 0 
7ac5b4021000-7ac5b8000000 ---p 00000000 00:00 0 
7ac5b8000000-7ac5b8021000 rw-p 00000000 00:00 0 
7ac5b8021000-7ac5bc000000 ---p 00000000 00:00 0 
7ac5c0000000-7ac5c0021000 rw-p 00000000 00:00 0 
7ac5c0021000-7ac5c4000000 ---p 00000000 00:00 0 
7ac5c4000000-7ac5c4021000 rw-p 00000000 00:00 0 
7ac5c4021000-7ac5c8000000 ---p 00000000 00:00 0 
7ac5cc000000-7ac5cc4a6000 rw-p 00000000 00:00 0 
7ac5cc4a6000-7ac5d0000000 ---p 00000000 00:00 0 
7ac5d0000000-7ac5d0021000 rw-p 00000000 00:00 0 
7ac5d0021000-7ac5d4000000 ---p 00000000 00:00 0 
7ac5d8000000-7ac5d8021000 rw-p 00000000 00:00 0 
7ac5d8021000-7ac5dc000000 ---p 00000000 00:00 0 
7ac5dc000000-7ac5dc4c2000 rw-p 00000000 00:00 0 
7ac5dc4c2000-7ac5e0000000 ---p 00000000 00:00 0 
7ac5e4000000-7ac5e4403000 rw-p 00000000 00:00 0 
7ac5e4403000-7ac5e8000000 ---p 00000000 00:00 0 
7ac5e8000000-7ac5e8021000 rw-p 00000000 00:00 0 
7ac5e8021000-7ac5ec000000 ---p 00000000 00:00 0 
7ac5f0000000-7ac5f0021000 rw-p 00000000 00:00 0 
7ac5f0021000-7ac5f4000000 ---p 00000000 00:00 0 
7ac5f4000000-7ac5f4021000 rw-p 00000000 00:00 0 
7ac5f4021000-7ac5f8000000 ---p 00000000 00:00 0 
7ac5fc000000-7ac5fc021000 rw-p 00000000 00:00 0 
7ac5fc021000-7ac600000000 ---p 00000000 00:00 0 
7ac600000000-7ac600021000 rw-p 00000000 00:00 0 
7ac600021000-7ac604000000 ---p 00000000 00:00 0 
7ac608000000-7ac608021000 rw-p 00000000 00:00 0 
7ac608021000-7ac60c000000 ---p 00000000 00:00 0 
7ac60f000000-7ac60f3c0000 rw-p 00000000 00:00 0 
7ac60f3c0000-7ac60f400000 ---p 00000000 00:00 0 
7ac60f400000-7ac60fcf0000 rw-p 00000000 00:00 0 
7ac60fcf0000-7ac613000000 ---p 00000000 00:00 0 
7ac613000000-7ac613bc9000 rw-p 00001000 103:02 10124042                  /usr/lib/jvm/java-17-openjdk-amd64/lib/server/classes.jsa
7ac613bc9000-7ac614000000 ---p 00000000 00:00 0 
7ac614000000-7ac614030000 rw-p 00000000 00:00 0 
7ac614030000-7ac6140b0000 rw-p 00000000 00:00 0 
7ac6140b0000-7ac6140e0000 rw-p 00000000 00:00 0 
7ac6140e0000-7ac614100000 ---p 00000000 00:00 0 
7ac614100000-7ac614200000 rw-p 00000000 00:00 0 
7ac614200000-7ac654000000 ---p 00000000 00:00 0 
7ac654000000-7ac654021000 rw-p 00000000 00:00 0 
7ac654021000-7ac658000000 ---p 00000000 00:00 0 
7ac658000000-7ac658021000 rw-p 00000000 00:00 0 
7ac658021000-7ac65c000000 ---p 00000000 00:00 0 
7ac660000000-7ac660021000 rw-p 00000000 00:00 0 
7ac660021000-7ac664000000 ---p 00000000 00:00 0 
7ac664000000-7ac664021000 rw-p 00000000 00:00 0 
7ac664021000-7ac668000000 ---p 00000000 00:00 0 
7ac669c00000-7ac669e8e000 rw-p 00000000 00:00 0 
7ac669eac000-7ac66c000000 rw-p 00000000 00:00 0 
7ac66c000000-7ac66c021000 rw-p 00000000 00:00 0 
7ac66c021000-7ac670000000 ---p 00000000 00:00 0 
7ac670118000-7ac67011c000 ---p 00000000 00:00 0 
7ac67011c000-7ac670218000 rw-p 00000000 00:00 0 
7ac6702fa000-7ac6702fb000 ---p 00000000 00:00 0 
7ac6702fb000-7ac6703fb000 rw-p 00000000 00:00 0 
7ac6703fb000-7ac6703fc000 ---p 00000000 00:00 0 
7ac6703fc000-7ac6704fc000 rw-p 00000000 00:00 0 
7ac6704fc000-7ac6704fd000 ---p 00000000 00:00 0 
7ac6704fd000-7ac6705fd000 rw-p 00000000 00:00 0 
7ac6705fd000-7ac6705fe000 ---p 00000000 00:00 0 
7ac6705fe000-7ac6706fe000 rw-p 00000000 00:00 0 
7ac6706fe000-7ac6706ff000 ---p 00000000 00:00 0 
7ac6706ff000-7ac6707ff000 rw-p 00000000 00:00 0 
7ac6707ff000-7ac670800000 ---p 00000000 00:00 0 
7ac670800000-7ac670900000 rw-p 00000000 00:00 0 
7ac670900000-7ac670904000 ---p 00000000 00:00 0 
7ac670904000-7ac670a00000 rw-p 00000000 00:00 0 
7ac670a00000-7ac6717e7000 r--p 00000000 103:02 9710454                   /usr/lib/locale/locale-archive
7ac671800000-7ac671bd8000 rw-p 00000000 00:00 0 
7ac671bd8000-7ac675518000 ---p 00000000 00:00 0 
7ac675518000-7ac675528000 rw-p 00000000 00:00 0 
7ac675600000-7ac6759d8000 rw-p 00000000 00:00 0 
7ac6759d8000-7ac679318000 ---p 00000000 00:00 0 
7ac679318000-7ac679328000 rw-p 00000000 00:00 0 
7ac679400000-7ac679740000 rwxp 00000000 00:00 0 
7ac679740000-7ac680937000 ---p 00000000 00:00 0 
7ac680937000-7ac680ba7000 rwxp 00000000 00:00 0 
7ac680ba7000-7ac680ec9000 ---p 00000000 00:00 0 
7ac680ec9000-7ac681139000 rwxp 00000000 00:00 0 
7ac681139000-7ac688400000 ---p 00000000 00:00 0 
7ac688400000-7ac68fe9b000 r--s 00000000 103:02 10124039                  /usr/lib/jvm/java-17-openjdk-amd64/lib/modules
7ac68ff00000-7ac68ff04000 ---p 00000000 00:00 0 
7ac68ff04000-7ac690000000 rw-p 00000000 00:00 0 
7ac690000000-7ac69083c000 rw-p 00000000 00:00 0 
7ac69083c000-7ac694000000 ---p 00000000 00:00 0 
7ac6940a0000-7ac6940a4000 ---p 00000000 00:00 0 
7ac6940a4000-7ac6941a0000 rw-p 00000000 00:00 0 
7ac6941a0000-7ac6941a4000 ---p 00000000 00:00 0 
7ac6941a4000-7ac6942a0000 rw-p 00000000 00:00 0 
7ac6942a0000-7ac6942a4000 ---p 00000000 00:00 0 
7ac6942a4000-7ac6943a0000 rw-p 00000000 00:00 0 
7ac6943a0000-7ac6943a4000 ---p 00000000 00:00 0 
7ac6943a4000-7ac6944a0000 rw-p 00000000 00:00 0 
7ac6944a0000-7ac6944a4000 ---p 00000000 00:00 0 
7ac6944a4000-7ac6945a0000 rw-p 00000000 00:00 0 
7ac6945a0000-7ac6945a4000 ---p 00000000 00:00 0 
7ac6945a4000-7ac6946a0000 rw-p 00000000 00:00 0 
7ac6946a0000-7ac6946a4000 ---p 00000000 00:00 0 
7ac6946a4000-7ac6947a0000 rw-p 00000000 00:00 0 
7ac6947a0000-7ac6947a4000 ---p 00000000 00:00 0 
7ac6947a4000-7ac6948a0000 rw-p 00000000 00:00 0 
7ac6948a0000-7ac6948a4000 ---p 00000000 00:00 0 
7ac6948a4000-7ac6949a0000 rw-p 00000000 00:00 0 
7ac6949a0000-7ac6949a4000 ---p 00000000 00:00 0 
7ac6949a4000-7ac694aa0000 rw-p 00000000 00:00 0 
7ac694aa0000-7ac694aa1000 ---p 00000000 00:00 0 
7ac694aa1000-7ac694ba1000 rw-p 00000000 00:00 0 
7ac694ba1000-7ac694ba6000 r--p 00000000 103:02 10124024                  /usr/lib/jvm/java-17-openjdk-amd64/lib/libjsvml.so
7ac694ba6000-7ac694be7000 r-xp 00005000 103:02 10124024                  /usr/lib/jvm/java-17-openjdk-amd64/lib/libjsvml.so
7ac694be7000-7ac694c70000 r--p 00046000 103:02 10124024                  /usr/lib/jvm/java-17-openjdk-amd64/lib/libjsvml.so
7ac694c70000-7ac694c71000 r--p 000ce000 103:02 10124024                  /usr/lib/jvm/java-17-openjdk-amd64/lib/libjsvml.so
7ac694c71000-7ac694c72000 rw-p 000cf000 103:02 10124024                  /usr/lib/jvm/java-17-openjdk-amd64/lib/libjsvml.so
7ac694c72000-7ac694cf3000 rw-p 00000000 00:00 0 
7ac694cf3000-7ac694cf4000 ---p 00000000 00:00 0 
7ac694cf4000-7ac694df4000 rw-p 00000000 00:00 0 
7ac694df4000-7ac694df5000 ---p 00000000 00:00 0 
7ac694df5000-7ac694ef5000 rw-p 00000000 00:00 0 
7ac694ef5000-7ac6956fd000 rw-p 00000000 00:00 0 
7ac6956fd000-7ac6956fe000 ---p 00000000 00:00 0 
7ac6956fe000-7ac6957fe000 rw-p 00000000 00:00 0 
7ac6957fe000-7ac6957ff000 ---p 00000000 00:00 0 
7ac6957ff000-7ac6958ff000 rw-p 00000000 00:00 0 
7ac6958ff000-7ac695900000 ---p 00000000 00:00 0 
7ac695900000-7ac695a00000 rw-p 00000000 00:00 0 
7ac695a00000-7ac695a7b000 rw-p 00000000 00:00 0 
7ac695a7b000-7ac6961a3000 ---p 00000000 00:00 0 
7ac6961a3000-7ac6961a5000 rw-p 00000000 00:00 0 
7ac696200000-7ac69627b000 rw-p 00000000 00:00 0 
7ac69627b000-7ac6969a3000 ---p 00000000 00:00 0 
7ac6969a3000-7ac6969a5000 rw-p 00000000 00:00 0 
7ac696a00000-7ac696a7b000 rw-p 00000000 00:00 0 
7ac696a7b000-7ac6971a3000 ---p 00000000 00:00 0 
7ac6971a3000-7ac6971a5000 rw-p 00000000 00:00 0 
7ac6971c7000-7ac697a2f000 rw-p 00000000 00:00 0 
7ac697a2f000-7ac697b15000 ---p 00000000 00:00 0 
7ac697b15000-7ac697b1c000 rw-p 00000000 00:00 0 
7ac697b1c000-7ac697c00000 ---p 00000000 00:00 0 
7ac697c00000-7ac697c9a000 r--p 00000000 103:02 9728233                   /usr/lib/x86_64-linux-gnu/libstdc++.so.6.0.30
7ac697c9a000-7ac697dab000 r-xp 0009a000 103:02 9728233                   /usr/lib/x86_64-linux-gnu/libstdc++.so.6.0.30
7ac697dab000-7ac697e1a000 r--p 001ab000 103:02 9728233                   /usr/lib/x86_64-linux-gnu/libstdc++.so.6.0.30
7ac697e1a000-7ac697e1b000 ---p 0021a000 103:02 9728233                   /usr/lib/x86_64-linux-gnu/libstdc++.so.6.0.30
7ac697e1b000-7ac697e26000 r--p 0021a000 103:02 9728233                   /usr/lib/x86_64-linux-gnu/libstdc++.so.6.0.30
7ac697e26000-7ac697e29000 rw-p 00225000 103:02 9728233                   /usr/lib/x86_64-linux-gnu/libstdc++.so.6.0.30
7ac697e29000-7ac697e2c000 rw-p 00000000 00:00 0 
7ac697e68000-7ac697e6c000 r--p 00000000 103:02 10124030                  /usr/lib/jvm/java-17-openjdk-amd64/lib/libnet.so
7ac697e6c000-7ac697e7b000 r-xp 00004000 103:02 10124030                  /usr/lib/jvm/java-17-openjdk-amd64/lib/libnet.so
7ac697e7b000-7ac697e7f000 r--p 00013000 103:02 10124030                  /usr/lib/jvm/java-17-openjdk-amd64/lib/libnet.so
7ac697e7f000-7ac697e80000 r--p 00016000 103:02 10124030                  /usr/lib/jvm/java-17-openjdk-amd64/lib/libnet.so
7ac697e80000-7ac697e81000 rw-p 00017000 103:02 10124030                  /usr/lib/jvm/java-17-openjdk-amd64/lib/libnet.so
7ac697e81000-7ac697f00000 rw-p 00000000 00:00 0 
7ac697f00000-7ac697f04000 ---p 00000000 00:00 0 
7ac697f04000-7ac698000000 rw-p 00000000 00:00 0 
7ac698000000-7ac698251000 r--p 00000000 103:02 10124045                  /usr/lib/jvm/java-17-openjdk-amd64/lib/server/libjvm.so
7ac698251000-7ac69902c000 r-xp 00251000 103:02 10124045                  /usr/lib/jvm/java-17-openjdk-amd64/lib/server/libjvm.so
7ac69902c000-7ac6992ae000 r--p 0102c000 103:02 10124045                  /usr/lib/jvm/java-17-openjdk-amd64/lib/server/libjvm.so
7ac6992ae000-7ac6992af000 ---p 012ae000 103:02 10124045                  /usr/lib/jvm/java-17-openjdk-amd64/lib/server/libjvm.so
7ac6992af000-7ac699367000 r--p 012ae000 103:02 10124045                  /usr/lib/jvm/java-17-openjdk-amd64/lib/server/libjvm.so
7ac699367000-7ac69939c000 rw-p 01366000 103:02 10124045                  /usr/lib/jvm/java-17-openjdk-amd64/lib/server/libjvm.so
7ac69939c000-7ac6993f6000 rw-p 00000000 00:00 0 
7ac699400000-7ac699428000 r--p 00000000 103:02 9727160                   /usr/lib/x86_64-linux-gnu/libc.so.6
7ac699428000-7ac6995bd000 r-xp 00028000 103:02 9727160                   /usr/lib/x86_64-linux-gnu/libc.so.6
7ac6995bd000-7ac699615000 r--p 001bd000 103:02 9727160                   /usr/lib/x86_64-linux-gnu/libc.so.6
7ac699615000-7ac699616000 ---p 00215000 103:02 9727160                   /usr/lib/x86_64-linux-gnu/libc.so.6
7ac699616000-7ac69961a000 r--p 00215000 103:02 9727160                   /usr/lib/x86_64-linux-gnu/libc.so.6
7ac69961a000-7ac69961c000 rw-p 00219000 103:02 9727160                   /usr/lib/x86_64-linux-gnu/libc.so.6
7ac69961c000-7ac699629000 rw-p 00000000 00:00 0 
7ac69962b000-7ac69966c000 rw-p 00000000 00:00 0 
7ac699674000-7ac69967b000 r--s 00000000 103:02 9729480                   /usr/lib/x86_64-linux-gnu/gconv/gconv-modules.cache
7ac69967b000-7ac69967c000 r--p 00000000 103:02 10124010                  /usr/lib/jvm/java-17-openjdk-amd64/lib/libextnet.so
7ac69967c000-7ac69967d000 r-xp 00001000 103:02 10124010                  /usr/lib/jvm/java-17-openjdk-amd64/lib/libextnet.so
7ac69967d000-7ac69967e000 r--p 00002000 103:02 10124010                  /usr/lib/jvm/java-17-openjdk-amd64/lib/libextnet.so
7ac69967e000-7ac69967f000 r--p 00002000 103:02 10124010                  /usr/lib/jvm/java-17-openjdk-amd64/lib/libextnet.so
7ac69967f000-7ac699680000 rw-p 00003000 103:02 10124010                  /usr/lib/jvm/java-17-openjdk-amd64/lib/libextnet.so
7ac699680000-7ac699687000 r--p 00000000 103:02 10124031                  /usr/lib/jvm/java-17-openjdk-amd64/lib/libnio.so
7ac699687000-7ac699691000 r-xp 00007000 103:02 10124031                  /usr/lib/jvm/java-17-openjdk-amd64/lib/libnio.so
7ac699691000-7ac699695000 r--p 00011000 103:02 10124031                  /usr/lib/jvm/java-17-openjdk-amd64/lib/libnio.so
7ac699695000-7ac699696000 ---p 00015000 103:02 10124031                  /usr/lib/jvm/java-17-openjdk-amd64/lib/libnio.so
7ac699696000-7ac699697000 r--p 00015000 103:02 10124031                  /usr/lib/jvm/java-17-openjdk-amd64/lib/libnio.so
7ac699697000-7ac699698000 rw-p 00016000 103:02 10124031                  /usr/lib/jvm/java-17-openjdk-amd64/lib/libnio.so
7ac699698000-7ac69969a000 r--p 00000000 103:02 10124038                  /usr/lib/jvm/java-17-openjdk-amd64/lib/libzip.so
7ac69969a000-7ac69969f000 r-xp 00002000 103:02 10124038                  /usr/lib/jvm/java-17-openjdk-amd64/lib/libzip.so
7ac69969f000-7ac6996a1000 r--p 00007000 103:02 10124038                  /usr/lib/jvm/java-17-openjdk-amd64/lib/libzip.so
7ac6996a1000-7ac6996a2000 r--p 00008000 103:02 10124038                  /usr/lib/jvm/java-17-openjdk-amd64/lib/libzip.so
7ac6996a2000-7ac6996a3000 rw-p 00009000 103:02 10124038                  /usr/lib/jvm/java-17-openjdk-amd64/lib/libzip.so
7ac6996a3000-7ac6996a8000 rw-p 00000000 00:00 0 
7ac6996a8000-7ac6996af000 ---p 00000000 00:00 0 
7ac6996af000-7ac6996b7000 rw-s 00000000 103:02 27263022                  /tmp/hsperfdata_enzo/35545
7ac6996b7000-7ac6996c3000 r--p 00000000 103:02 10124017                  /usr/lib/jvm/java-17-openjdk-amd64/lib/libjava.so
7ac6996c3000-7ac6996d7000 r-xp 0000c000 103:02 10124017                  /usr/lib/jvm/java-17-openjdk-amd64/lib/libjava.so
7ac6996d7000-7ac6996dd000 r--p 00020000 103:02 10124017                  /usr/lib/jvm/java-17-openjdk-amd64/lib/libjava.so
7ac6996dd000-7ac6996de000 r--p 00025000 103:02 10124017                  /usr/lib/jvm/java-17-openjdk-amd64/lib/libjava.so
7ac6996de000-7ac6996df000 rw-p 00026000 103:02 10124017                  /usr/lib/jvm/java-17-openjdk-amd64/lib/libjava.so
7ac6996df000-7ac6996e0000 rw-p 00000000 00:00 0 
7ac6996e0000-7ac6996e2000 r--p 00000000 103:02 10124012                  /usr/lib/jvm/java-17-openjdk-amd64/lib/libinstrument.so
7ac6996e2000-7ac6996e9000 r-xp 00002000 103:02 10124012                  /usr/lib/jvm/java-17-openjdk-amd64/lib/libinstrument.so
7ac6996e9000-7ac6996ec000 r--p 00009000 103:02 10124012                  /usr/lib/jvm/java-17-openjdk-amd64/lib/libinstrument.so
7ac6996ec000-7ac6996ed000 r--p 0000b000 103:02 10124012                  /usr/lib/jvm/java-17-openjdk-amd64/lib/libinstrument.so
7ac6996ed000-7ac6996ee000 rw-p 0000c000 103:02 10124012                  /usr/lib/jvm/java-17-openjdk-amd64/lib/libinstrument.so
7ac6996ee000-7ac6996f1000 r--p 00000000 103:02 9727459                   /usr/lib/x86_64-linux-gnu/libgcc_s.so.1
7ac6996f1000-7ac699708000 r-xp 00003000 103:02 9727459                   /usr/lib/x86_64-linux-gnu/libgcc_s.so.1
7ac699708000-7ac69970c000 r--p 0001a000 103:02 9727459                   /usr/lib/x86_64-linux-gnu/libgcc_s.so.1
7ac69970c000-7ac69970d000 r--p 0001d000 103:02 9727459                   /usr/lib/x86_64-linux-gnu/libgcc_s.so.1
7ac69970d000-7ac69970e000 rw-p 0001e000 103:02 9727459                   /usr/lib/x86_64-linux-gnu/libgcc_s.so.1
7ac69970e000-7ac69971c000 r--p 00000000 103:02 9727809                   /usr/lib/x86_64-linux-gnu/libm.so.6
7ac69971c000-7ac699798000 r-xp 0000e000 103:02 9727809                   /usr/lib/x86_64-linux-gnu/libm.so.6
7ac699798000-7ac6997f3000 r--p 0008a000 103:02 9727809                   /usr/lib/x86_64-linux-gnu/libm.so.6
7ac6997f3000-7ac6997f4000 r--p 000e4000 103:02 9727809                   /usr/lib/x86_64-linux-gnu/libm.so.6
7ac6997f4000-7ac6997f5000 rw-p 000e5000 103:02 9727809                   /usr/lib/x86_64-linux-gnu/libm.so.6
7ac6997f5000-7ac6997f8000 rw-p 00000000 00:00 0 
7ac6997f8000-7ac6997fa000 r--p 00000000 103:02 10124021                  /usr/lib/jvm/java-17-openjdk-amd64/lib/libjli.so
7ac6997fa000-7ac699804000 r-xp 00002000 103:02 10124021                  /usr/lib/jvm/java-17-openjdk-amd64/lib/libjli.so
7ac699804000-7ac699807000 r--p 0000c000 103:02 10124021                  /usr/lib/jvm/java-17-openjdk-amd64/lib/libjli.so
7ac699807000-7ac699808000 r--p 0000e000 103:02 10124021                  /usr/lib/jvm/java-17-openjdk-amd64/lib/libjli.so
7ac699808000-7ac699809000 rw-p 0000f000 103:02 10124021                  /usr/lib/jvm/java-17-openjdk-amd64/lib/libjli.so
7ac699809000-7ac69980b000 r--p 00000000 103:02 9728500                   /usr/lib/x86_64-linux-gnu/libz.so.1.2.11
7ac69980b000-7ac69981c000 r-xp 00002000 103:02 9728500                   /usr/lib/x86_64-linux-gnu/libz.so.1.2.11
7ac69981c000-7ac699822000 r--p 00013000 103:02 9728500                   /usr/lib/x86_64-linux-gnu/libz.so.1.2.11
7ac699822000-7ac699823000 ---p 00019000 103:02 9728500                   /usr/lib/x86_64-linux-gnu/libz.so.1.2.11
7ac699823000-7ac699824000 r--p 00019000 103:02 9728500                   /usr/lib/x86_64-linux-gnu/libz.so.1.2.11
7ac699824000-7ac699825000 rw-p 0001a000 103:02 9728500                   /usr/lib/x86_64-linux-gnu/libz.so.1.2.11
7ac699828000-7ac699829000 ---p 00000000 00:00 0 
7ac699829000-7ac69982a000 r--p 00000000 00:00 0 
7ac69982a000-7ac69982c000 r--p 00000000 103:02 10124020                  /usr/lib/jvm/java-17-openjdk-amd64/lib/libjimage.so
7ac69982c000-7ac69982f000 r-xp 00002000 103:02 10124020                  /usr/lib/jvm/java-17-openjdk-amd64/lib/libjimage.so
7ac69982f000-7ac699830000 r--p 00005000 103:02 10124020                  /usr/lib/jvm/java-17-openjdk-amd64/lib/libjimage.so
7ac699830000-7ac699831000 ---p 00006000 103:02 10124020                  /usr/lib/jvm/java-17-openjdk-amd64/lib/libjimage.so
7ac699831000-7ac699832000 r--p 00006000 103:02 10124020                  /usr/lib/jvm/java-17-openjdk-amd64/lib/libjimage.so
7ac699832000-7ac699833000 rw-p 00007000 103:02 10124020                  /usr/lib/jvm/java-17-openjdk-amd64/lib/libjimage.so
7ac699833000-7ac699835000 rw-p 00000000 00:00 0 
7ac699835000-7ac699837000 r--p 00000000 103:02 9726820                   /usr/lib/x86_64-linux-gnu/ld-linux-x86-64.so.2
7ac699837000-7ac699861000 r-xp 00002000 103:02 9726820                   /usr/lib/x86_64-linux-gnu/ld-linux-x86-64.so.2
7ac699861000-7ac69986c000 r--p 0002c000 103:02 9726820                   /usr/lib/x86_64-linux-gnu/ld-linux-x86-64.so.2
7ac69986c000-7ac69986d000 ---p 00000000 00:00 0 
7ac69986d000-7ac69986f000 r--p 00037000 103:02 9726820                   /usr/lib/x86_64-linux-gnu/ld-linux-x86-64.so.2
7ac69986f000-7ac699871000 rw-p 00039000 103:02 9726820                   /usr/lib/x86_64-linux-gnu/ld-linux-x86-64.so.2
7ffd2bcdc000-7ffd2bcfe000 rw-p 00000000 00:00 0                          [stack]
7ffd2bd9a000-7ffd2bd9e000 r--p 00000000 00:00 0                          [vvar]
7ffd2bd9e000-7ffd2bda0000 r-xp 00000000 00:00 0                          [vdso]
ffffffffff600000-ffffffffff601000 --xp 00000000 00:00 0                  [vsyscall]


VM Arguments:
jvm_args: -javaagent:/opt/idea-IC-243.22562.218/lib/idea_rt.jar=41561:/opt/idea-IC-243.22562.218/bin -Dfile.encoding=UTF-8 
java_command: com.example.keycloack.KeycloackApplication
java_class_path (initial): /home/enzo/Documents/keycloack/target/classes:/home/enzo/.m2/repository/org/springframework/boot/spring-boot-starter-security/3.4.1/spring-boot-starter-security-3.4.1.jar:/home/enzo/.m2/repository/org/springframework/boot/spring-boot-starter/3.4.1/spring-boot-starter-3.4.1.jar:/home/enzo/.m2/repository/org/springframework/boot/spring-boot/3.4.1/spring-boot-3.4.1.jar:/home/enzo/.m2/repository/org/springframework/boot/spring-boot-autoconfigure/3.4.1/spring-boot-autoconfigure-3.4.1.jar:/home/enzo/.m2/repository/org/springframework/boot/spring-boot-starter-logging/3.4.1/spring-boot-starter-logging-3.4.1.jar:/home/enzo/.m2/repository/ch/qos/logback/logback-classic/1.5.12/logback-classic-1.5.12.jar:/home/enzo/.m2/repository/ch/qos/logback/logback-core/1.5.12/logback-core-1.5.12.jar:/home/enzo/.m2/repository/org/apache/logging/log4j/log4j-to-slf4j/2.24.3/log4j-to-slf4j-2.24.3.jar:/home/enzo/.m2/repository/org/apache/logging/log4j/log4j-api/2.24.3/log4j-api-2.24.3.jar:/home/enzo/.m2/repository/org/slf4j/jul-to-slf4j/2.0.16/jul-to-slf4j-2.0.16.jar:/home/enzo/.m2/repository/jakarta/annotation/jakarta.annotation-api/2.1.1/jakarta.annotation-api-2.1.1.jar:/home/enzo/.m2/repository/org/yaml/snakeyaml/2.3/snakeyaml-2.3.jar:/home/enzo/.m2/repository/org/springframework/spring-aop/6.2.1/spring-aop-6.2.1.jar:/home/enzo/.m2/repository/org/springframework/spring-beans/6.2.1/spring-beans-6.2.1.jar:/home/enzo/.m2/repository/org/springframework/security/spring-security-config/6.4.2/spring-security-config-6.4.2.jar:/home/enzo/.m2/repository/org/springframework/spring-context/6.2.1/spring-context-6.2.1.jar:/home/enzo/.m2/repository/org/springframework/security/spring-security-web/6.4.2/spring-security-web-6.4.2.jar:/home/enzo/.m2/repository/org/springframework/spring-expression/6.2.1/spring-expression-6.2.1.jar:/home/enzo/.m2/repository/org/springframework/boot/spring-boot-starter-web/3.4.1/spring-boot-starter-web-3.4.1.jar:/home/enzo/.m2/repository/org/springf
Launcher Type: SUN_STANDARD

[Global flags]
     intx CICompilerCount                          = 4                                         {product} {ergonomic}
     uint ConcGCThreads                            = 2                                         {product} {ergonomic}
     uint G1ConcRefinementThreads                  = 8                                         {product} {ergonomic}
   size_t G1HeapRegionSize                         = 2097152                                   {product} {ergonomic}
    uintx GCDrainStackTargetSize                   = 64                                        {product} {ergonomic}
   size_t InitialHeapSize                          = 257949696                                 {product} {ergonomic}
   size_t MarkStackSize                            = 4194304                                   {product} {ergonomic}
   size_t MaxHeapSize                              = 4104126464                                {product} {ergonomic}
   size_t MaxNewSize                               = 2462056448                                {product} {ergonomic}
   size_t MinHeapDeltaBytes                        = 2097152                                   {product} {ergonomic}
   size_t MinHeapSize                              = 8388608                                   {product} {ergonomic}
    uintx NonNMethodCodeHeapSize                   = 5839372                                {pd product} {ergonomic}
    uintx NonProfiledCodeHeapSize                  = 122909434                              {pd product} {ergonomic}
    uintx ProfiledCodeHeapSize                     = 122909434                              {pd product} {ergonomic}
    uintx ReservedCodeCacheSize                    = 251658240                              {pd product} {ergonomic}
     bool SegmentedCodeCache                       = true                                      {product} {ergonomic}
   size_t SoftMaxHeapSize                          = 4104126464                             {manageable} {ergonomic}
     bool UseCompressedClassPointers               = true                           {product lp64_product} {ergonomic}
     bool UseCompressedOops                        = true                           {product lp64_product} {ergonomic}
     bool UseG1GC                                  = true                                      {product} {ergonomic}

Logging:
Log output configuration:
 #0: stdout all=warning uptime,level,tags
 #1: stderr all=off uptime,level,tags

Environment Variables:
PATH=/usr/local/sbin:/usr/local/bin:/usr/sbin:/usr/bin:/sbin:/bin:/usr/games:/usr/local/games:/snap/bin:/snap/bin
USERNAME=enzo
SHELL=/bin/bash
DISPLAY=:0
LANG=en_US.UTF-8
LC_CTYPE=pt_BR.UTF-8
LC_NUMERIC=pt_BR.UTF-8
LC_TIME=pt_BR.UTF-8

Active Locale:
LC_ALL=LC_CTYPE=pt_BR.UTF-8;LC_NUMERIC=pt_BR.UTF-8;LC_TIME=pt_BR.UTF-8;LC_COLLATE=en_US.UTF-8;LC_MONETARY=pt_BR.UTF-8;LC_MESSAGES=en_US.UTF-8;LC_PAPER=pt_BR.UTF-8;LC_NAME=pt_BR.UTF-8;LC_ADDRESS=pt_BR.UTF-8;LC_TELEPHONE=pt_BR.UTF-8;LC_MEASUREMENT=pt_BR.UTF-8;LC_IDENTIFICATION=pt_BR.UTF-8
LC_COLLATE=en_US.UTF-8
LC_CTYPE=pt_BR.UTF-8
LC_MESSAGES=en_US.UTF-8
LC_MONETARY=pt_BR.UTF-8
LC_NUMERIC=pt_BR.UTF-8
LC_TIME=pt_BR.UTF-8

Signal Handlers:
   SIGSEGV: crash_handler in libjvm.so, mask=11100100010111111101111111111110, flags=SA_RESTART|SA_SIGINFO, unblocked
    SIGBUS: crash_handler in libjvm.so, mask=11100100010111111101111111111110, flags=SA_RESTART|SA_SIGINFO, unblocked
    SIGFPE: crash_handler in libjvm.so, mask=11100100010111111101111111111110, flags=SA_RESTART|SA_SIGINFO, unblocked
   SIGPIPE: javaSignalHandler in libjvm.so, mask=11100100010111111101111111111110, flags=SA_RESTART|SA_SIGINFO, blocked
   SIGXFSZ: javaSignalHandler in libjvm.so, mask=11100100010111111101111111111110, flags=SA_RESTART|SA_SIGINFO, blocked
    SIGILL: crash_handler in libjvm.so, mask=11100100010111111101111111111110, flags=SA_RESTART|SA_SIGINFO, unblocked
   SIGUSR2: SR_handler in libjvm.so, mask=00000000000000000000000000000000, flags=SA_RESTART|SA_SIGINFO, blocked
    SIGHUP: UserHandler in libjvm.so, mask=11100100010111111101111111111110, flags=SA_RESTART|SA_SIGINFO, blocked
    SIGINT: UserHandler in libjvm.so, mask=11100100010111111101111111111110, flags=SA_RESTART|SA_SIGINFO, blocked
   SIGTERM: UserHandler in libjvm.so, mask=11100100010111111101111111111110, flags=SA_RESTART|SA_SIGINFO, blocked
   SIGQUIT: UserHandler in libjvm.so, mask=11100100010111111101111111111110, flags=SA_RESTART|SA_SIGINFO, blocked
   SIGTRAP: crash_handler in libjvm.so, mask=11100100010111111101111111111110, flags=SA_RESTART|SA_SIGINFO, unblocked


Periodic native trim disabled


---------------  S Y S T E M  ---------------

OS:
DISTRIB_ID=Ubuntu
DISTRIB_RELEASE=22.04
DISTRIB_CODENAME=jammy
DISTRIB_DESCRIPTION="Ubuntu 22.04.5 LTS"
uname: Linux 6.8.0-50-generic #51~22.04.1-Ubuntu SMP PREEMPT_DYNAMIC Thu Nov 21 12:03:03 UTC 2 x86_64
OS uptime: 0 days 3:02 hours
libc: glibc 2.35 NPTL 2.35 
rlimit (soft/hard): STACK 8192k/infinity , CORE 0k/infinity , NPROC 62308/62308 , NOFILE 1048576/1048576 , AS infinity/infinity , CPU infinity/infinity , DATA infinity/infinity , FSIZE infinity/infinity , MEMLOCK 2003600k/2003600k
load average: 8,06 3,84 2,60

/proc/meminfo:
MemTotal:       16028824 kB
MemFree:          439508 kB
MemAvailable:    6472948 kB
Buffers:           65744 kB
Cached:          7107708 kB
SwapCached:        25944 kB
Active:          6551520 kB
Inactive:        7574292 kB
Active(anon):    5397672 kB
Inactive(anon):  2755772 kB
Active(file):    1153848 kB
Inactive(file):  4818520 kB
Unevictable:      464172 kB
Mlocked:              48 kB
SwapTotal:       2097148 kB
SwapFree:        1491452 kB
Zswap:                 0 kB
Zswapped:              0 kB
Dirty:             32372 kB
Writeback:             0 kB
AnonPages:       7397976 kB
Mapped:          1398604 kB
Shmem:           1201080 kB
KReclaimable:     401676 kB
Slab:             675736 kB
SReclaimable:     401676 kB
SUnreclaim:       274060 kB
KernelStack:       27088 kB
PageTables:        88480 kB
SecPageTables:         0 kB
NFS_Unstable:          0 kB
Bounce:                0 kB
WritebackTmp:          0 kB
CommitLimit:    10111560 kB
Committed_AS:   34871964 kB
VmallocTotal:   34359738367 kB
VmallocUsed:       62848 kB
VmallocChunk:          0 kB
Percpu:             8160 kB
HardwareCorrupted:     0 kB
AnonHugePages:         0 kB
ShmemHugePages:   937984 kB
ShmemPmdMapped:        0 kB
FileHugePages:         0 kB
FilePmdMapped:         0 kB
Unaccepted:            0 kB
HugePages_Total:       0
HugePages_Free:        0
HugePages_Rsvd:        0
HugePages_Surp:        0
Hugepagesize:       2048 kB
Hugetlb:               0 kB
DirectMap4k:      208252 kB
DirectMap2M:     5732352 kB
DirectMap1G:    10485760 kB

/sys/kernel/mm/transparent_hugepage/enabled: always [madvise] never
/sys/kernel/mm/transparent_hugepage/hpage_pmd_size: 2097152
/sys/kernel/mm/transparent_hugepage/defrag (defrag/compaction efforts parameter): always defer defer+madvise [madvise] never

Process Memory:
Virtual Size: 7489248K (peak: 7550776K)
Resident Set Size: 126340K (peak: 126340K) (anon: 103284K, file: 23056K, shmem: 0K)
Swapped out: 0K
C-Heap outstanding allocations: 42710K, retained: 5613K
glibc malloc tunables: (default)

/proc/sys/kernel/threads-max (system-wide limit on the number of threads): 124617
/proc/sys/vm/max_map_count (maximum number of memory map areas a process may have): 65530
/proc/sys/vm/swappiness (control to define how aggressively the kernel swaps out anonymous memory): 60
/proc/sys/kernel/pid_max (system-wide limit on number of process identifiers): 4194304

container (cgroup) information:
container_type: cgroupv2
cpu_cpuset_cpus: not supported
cpu_memory_nodes: not supported
active_processor_count: 8
cpu_quota: not supported
cpu_period: not supported
cpu_shares: not supported
memory_limit_in_bytes: unlimited
memory_and_swap_limit_in_bytes: unlimited
memory_soft_limit_in_bytes: unlimited
memory_usage_in_bytes: 3058408 k
memory_max_usage_in_bytes: not supported
memory_swap_current_in_bytes: unlimited
memory_swap_max_limit_in_bytes: unlimited
maximum number of tasks: 18692
current number of tasks: 202

Steal ticks since vm start: 0
Steal ticks percentage since vm start:  0,000

CPU: total 8 (initial active 8) (4 cores per cpu, 2 threads per core) family 6 model 142 stepping 12 microcode 0xfc, cx8, cmov, fxsr, ht, mmx, 3dnowpref, sse, sse2, sse3, ssse3, sse4.1, sse4.2, popcnt, lzcnt, tsc, tscinvbit, avx, avx2, aes, erms, clmul, bmi1, bmi2, adx, fma, vzeroupper, clflush, clflushopt
CPU Model and flags from /proc/cpuinfo:
model name	: Intel(R) Core(TM) i5-10210U CPU @ 1.60GHz
flags		: fpu vme de pse tsc msr pae mce cx8 apic sep mtrr pge mca cmov pat pse36 clflush dts acpi mmx fxsr sse sse2 ss ht tm pbe syscall nx pdpe1gb rdtscp lm constant_tsc art arch_perfmon pebs bts rep_good nopl xtopology nonstop_tsc cpuid aperfmperf pni pclmulqdq dtes64 monitor ds_cpl vmx est tm2 ssse3 sdbg fma cx16 xtpr pdcm pcid sse4_1 sse4_2 x2apic movbe popcnt tsc_deadline_timer aes xsave avx f16c rdrand lahf_lm abm 3dnowprefetch cpuid_fault epb ssbd ibrs ibpb stibp ibrs_enhanced tpr_shadow flexpriority ept vpid ept_ad fsgsbase tsc_adjust sgx bmi1 avx2 smep bmi2 erms invpcid mpx rdseed adx smap clflushopt intel_pt xsaveopt xsavec xgetbv1 xsaves dtherm ida arat pln pts hwp hwp_notify hwp_act_window hwp_epp vnmi md_clear flush_l1d arch_capabilities

Online cpus: 0-7
Offline cpus: 
BIOS frequency limitation: <Not Available>
Frequency switch latency (ns): 0
Available cpu frequencies: <Not Available>
Current governor: powersave
Core performance/turbo boost: <Not Available>

Memory: 4k page, physical 16028824k(439508k free), swap 2097148k(1491452k free)
Page Sizes: 4k

vm_info: OpenJDK 64-Bit Server VM (17.0.13+11-Ubuntu-2ubuntu122.04) for linux-amd64 JRE (17.0.13+11-Ubuntu-2ubuntu122.04), built on Oct 22 2024 06:38:45 by "buildd" with gcc 11.4.0

END.
